This file contains any messages produced by compilers while
running configure, to aid debugging if configure makes a mistake.

It was created by configure, which was
generated by GNU Autoconf 2.61.  Invocation command line was

  $ ./configure prefix=/usr/local --disable-static-daq

## --------- ##
## Platform. ##
## --------- ##

hostname = mba-obana
uname -m = x86_64
uname -r = 11.4.0
uname -s = Darwin
uname -v = Darwin Kernel Version 11.4.0: Mon Apr  9 19:32:15 PDT 2012; root:xnu-1699.26.8~1/RELEASE_X86_64

/usr/bin/uname -p = i386
/bin/uname -X     = unknown

/bin/arch              = unknown
/usr/bin/arch -k       = unknown
/usr/convex/getsysinfo = unknown
/usr/bin/hostinfo      = Mach kernel version:
	 Darwin Kernel Version 11.4.0: Mon Apr  9 19:32:15 PDT 2012; root:xnu-1699.26.8~1/RELEASE_X86_64
Kernel configured for up to 4 processors.
2 processors are physically available.
4 processors are logically available.
Processor type: i486 (Intel 80486)
Processors active: 0 1 2 3
Primary memory available: 4.00 gigabytes
Default processor set: 169 tasks, 899 threads, 4 processors
Load average: 2.61, Mach factor: 1.41
/bin/machine           = unknown
/usr/bin/oslevel       = unknown
/bin/universe          = unknown

PATH: /usr/local/bin
PATH: /usr/local/sbin
PATH: /usr/bin
PATH: /bin
PATH: /usr/sbin
PATH: /sbin
PATH: /usr/local/bin
PATH: /usr/X11/bin
PATH: /usr/texbin
PATH: /Users/obana/bin


## ----------- ##
## Core tests. ##
## ----------- ##

configure:1985: checking for a BSD-compatible install
configure:2041: result: /usr/bin/install -c
configure:2052: checking whether build environment is sane
configure:2095: result: yes
configure:2123: checking for a thread-safe mkdir -p
configure:2162: result: ./install-sh -c -d
configure:2175: checking for gawk
configure:2205: result: no
configure:2175: checking for mawk
configure:2205: result: no
configure:2175: checking for nawk
configure:2205: result: no
configure:2175: checking for awk
configure:2191: found /usr/bin/awk
configure:2202: result: awk
configure:2213: checking whether make sets $(MAKE)
configure:2234: result: yes
configure:2435: checking whether to enable maintainer-specific portions of Makefiles
configure:2444: result: no
configure:2469: checking for style of include used by make
configure:2497: result: GNU
configure:2567: checking for gcc
configure:2583: found /usr/bin/gcc
configure:2594: result: gcc
configure:2832: checking for C compiler version
configure:2839: gcc --version >&5
i686-apple-darwin11-llvm-gcc-4.2 (GCC) 4.2.1 (Based on Apple Inc. build 5658) (LLVM build 2336.9.00)
Copyright (C) 2007 Free Software Foundation, Inc.
This is free software; see the source for copying conditions.  There is NO
warranty; not even for MERCHANTABILITY or FITNESS FOR A PARTICULAR PURPOSE.

configure:2842: $? = 0
configure:2849: gcc -v >&5
Using built-in specs.
Target: i686-apple-darwin11
Configured with: /private/var/tmp/llvmgcc42/llvmgcc42-2336.9~22/src/configure --disable-checking --enable-werror --prefix=/Applications/Xcode.app/Contents/Developer/usr/llvm-gcc-4.2 --mandir=/share/man --enable-languages=c,objc,c++,obj-c++ --program-prefix=llvm- --program-transform-name=/^[cg][^.-]*$/s/$/-4.2/ --with-slibdir=/usr/lib --build=i686-apple-darwin11 --enable-llvm=/private/var/tmp/llvmgcc42/llvmgcc42-2336.9~22/dst-llvmCore/Developer/usr/local --program-prefix=i686-apple-darwin11- --host=x86_64-apple-darwin11 --target=i686-apple-darwin11 --with-gxx-include-dir=/usr/include/c++/4.2.1
Thread model: posix
gcc version 4.2.1 (Based on Apple Inc. build 5658) (LLVM build 2336.9.00)
configure:2852: $? = 0
configure:2859: gcc -V >&5
llvm-gcc-4.2: argument to `-V' is missing
configure:2862: $? = 1
configure:2885: checking for C compiler default output file name
configure:2912: gcc    conftest.c  >&5
configure:2915: $? = 0
configure:2953: result: a.out
configure:2970: checking whether the C compiler works
configure:2980: ./a.out
configure:2983: $? = 0
configure:3000: result: yes
configure:3007: checking whether we are cross compiling
configure:3009: result: no
configure:3012: checking for suffix of executables
configure:3019: gcc -o conftest    conftest.c  >&5
configure:3022: $? = 0
configure:3046: result: 
configure:3052: checking for suffix of object files
configure:3078: gcc -c   conftest.c >&5
configure:3081: $? = 0
configure:3104: result: o
configure:3108: checking whether we are using the GNU C compiler
configure:3137: gcc -c   conftest.c >&5
configure:3143: $? = 0
configure:3160: result: yes
configure:3165: checking whether gcc accepts -g
configure:3195: gcc -c -g  conftest.c >&5
configure:3201: $? = 0
configure:3300: result: yes
configure:3317: checking for gcc option to accept ISO C89
configure:3391: gcc  -c -g -O2  conftest.c >&5
configure:3397: $? = 0
configure:3420: result: none needed
configure:3440: checking dependency style of gcc
configure:3531: result: gcc3
configure:3548: checking for gcc option to accept ISO C99
configure:3707: gcc  -c -g -O2  conftest.c >&5
conftest.c:60: error: expected ';', ',' or ')' before 'text'
conftest.c: In function 'main':
conftest.c:114: error: nested functions are disabled, use -fnested-functions to re-enable
conftest.c:114: error: expected '=', ',', ';', 'asm' or '__attribute__' before 'newvar'
conftest.c:114: error: 'newvar' undeclared (first use in this function)
conftest.c:114: error: (Each undeclared identifier is reported only once
conftest.c:114: error: for each function it appears in.)
conftest.c:124: error: 'for' loop initial declaration used outside C99 mode
configure:3713: $? = 1
configure: failed program was:
| /* confdefs.h.  */
| #define PACKAGE_NAME ""
| #define PACKAGE_TARNAME ""
| #define PACKAGE_VERSION ""
| #define PACKAGE_STRING ""
| #define PACKAGE_BUGREPORT ""
| #define PACKAGE "snort"
| #define VERSION "2.9.2.2"
| /* end confdefs.h.  */
| #include <stdarg.h>
| #include <stdbool.h>
| #include <stdlib.h>
| #include <wchar.h>
| #include <stdio.h>
| 
| // Check varargs macros.  These examples are taken from C99 6.10.3.5.
| #define debug(...) fprintf (stderr, __VA_ARGS__)
| #define showlist(...) puts (#__VA_ARGS__)
| #define report(test,...) ((test) ? puts (#test) : printf (__VA_ARGS__))
| static void
| test_varargs_macros (void)
| {
|   int x = 1234;
|   int y = 5678;
|   debug ("Flag");
|   debug ("X = %d\n", x);
|   showlist (The first, second, and third items.);
|   report (x>y, "x is %d but y is %d", x, y);
| }
| 
| // Check long long types.
| #define BIG64 18446744073709551615ull
| #define BIG32 4294967295ul
| #define BIG_OK (BIG64 / BIG32 == 4294967297ull && BIG64 % BIG32 == 0)
| #if !BIG_OK
|   your preprocessor is broken;
| #endif
| #if BIG_OK
| #else
|   your preprocessor is broken;
| #endif
| static long long int bignum = -9223372036854775807LL;
| static unsigned long long int ubignum = BIG64;
| 
| struct incomplete_array
| {
|   int datasize;
|   double data[];
| };
| 
| struct named_init {
|   int number;
|   const wchar_t *name;
|   double average;
| };
| 
| typedef const char *ccp;
| 
| static inline int
| test_restrict (ccp restrict text)
| {
|   // See if C++-style comments work.
|   // Iterate through items via the restricted pointer.
|   // Also check for declarations in for loops.
|   for (unsigned int i = 0; *(text+i) != '\0'; ++i)
|     continue;
|   return 0;
| }
| 
| // Check varargs and va_copy.
| static void
| test_varargs (const char *format, ...)
| {
|   va_list args;
|   va_start (args, format);
|   va_list args_copy;
|   va_copy (args_copy, args);
| 
|   const char *str;
|   int number;
|   float fnumber;
| 
|   while (*format)
|     {
|       switch (*format++)
| 	{
| 	case 's': // string
| 	  str = va_arg (args_copy, const char *);
| 	  break;
| 	case 'd': // int
| 	  number = va_arg (args_copy, int);
| 	  break;
| 	case 'f': // float
| 	  fnumber = va_arg (args_copy, double);
| 	  break;
| 	default:
| 	  break;
| 	}
|     }
|   va_end (args_copy);
|   va_end (args);
| }
| 
| int
| main ()
| {
| 
|   // Check bool.
|   _Bool success = false;
| 
|   // Check restrict.
|   if (test_restrict ("String literal") == 0)
|     success = true;
|   char *restrict newvar = "Another string";
| 
|   // Check varargs.
|   test_varargs ("s, d' f .", "string", 65, 34.234);
|   test_varargs_macros ();
| 
|   // Check flexible array members.
|   struct incomplete_array *ia =
|     malloc (sizeof (struct incomplete_array) + (sizeof (double) * 10));
|   ia->datasize = 10;
|   for (int i = 0; i < ia->datasize; ++i)
|     ia->data[i] = i * 1.234;
| 
|   // Check named initializers.
|   struct named_init ni = {
|     .number = 34,
|     .name = L"Test wide string",
|     .average = 543.34343,
|   };
| 
|   ni.number = 58;
| 
|   int dynamic_array[ni.number];
|   dynamic_array[ni.number - 1] = 543;
| 
|   // work around unused variable warnings
|   return (!success || bignum == 0LL || ubignum == 0uLL || newvar[0] == 'x'
| 	  || dynamic_array[ni.number - 1] != 543);
| 
|   ;
|   return 0;
| }
configure:3707: gcc -std=gnu99 -c -g -O2  conftest.c >&5
configure:3713: $? = 0
configure:3743: result: -std=gnu99
configure:3873: checking for gcc -std=gnu99 option to accept ISO Standard C
configure:3884: result: -std=gnu99
configure:3937: checking for gcc
configure:3964: result: gcc
configure:4202: checking for C compiler version
configure:4209: gcc --version >&5
i686-apple-darwin11-llvm-gcc-4.2 (GCC) 4.2.1 (Based on Apple Inc. build 5658) (LLVM build 2336.9.00)
Copyright (C) 2007 Free Software Foundation, Inc.
This is free software; see the source for copying conditions.  There is NO
warranty; not even for MERCHANTABILITY or FITNESS FOR A PARTICULAR PURPOSE.

configure:4212: $? = 0
configure:4219: gcc -v >&5
Using built-in specs.
Target: i686-apple-darwin11
Configured with: /private/var/tmp/llvmgcc42/llvmgcc42-2336.9~22/src/configure --disable-checking --enable-werror --prefix=/Applications/Xcode.app/Contents/Developer/usr/llvm-gcc-4.2 --mandir=/share/man --enable-languages=c,objc,c++,obj-c++ --program-prefix=llvm- --program-transform-name=/^[cg][^.-]*$/s/$/-4.2/ --with-slibdir=/usr/lib --build=i686-apple-darwin11 --enable-llvm=/private/var/tmp/llvmgcc42/llvmgcc42-2336.9~22/dst-llvmCore/Developer/usr/local --program-prefix=i686-apple-darwin11- --host=x86_64-apple-darwin11 --target=i686-apple-darwin11 --with-gxx-include-dir=/usr/include/c++/4.2.1
Thread model: posix
gcc version 4.2.1 (Based on Apple Inc. build 5658) (LLVM build 2336.9.00)
configure:4222: $? = 0
configure:4229: gcc -V >&5
llvm-gcc-4.2: argument to `-V' is missing
configure:4232: $? = 1
configure:4235: checking whether we are using the GNU C compiler
configure:4287: result: yes
configure:4292: checking whether gcc accepts -g
configure:4427: result: yes
configure:4444: checking for gcc option to accept ISO C89
configure:4547: result: none needed
configure:4567: checking dependency style of gcc
configure:4658: result: gcc3
configure:4731: checking for g++
configure:4747: found /usr/bin/g++
configure:4758: result: g++
configure:4789: checking for C++ compiler version
configure:4796: g++ --version >&5
i686-apple-darwin11-llvm-g++-4.2 (GCC) 4.2.1 (Based on Apple Inc. build 5658) (LLVM build 2336.9.00)
Copyright (C) 2007 Free Software Foundation, Inc.
This is free software; see the source for copying conditions.  There is NO
warranty; not even for MERCHANTABILITY or FITNESS FOR A PARTICULAR PURPOSE.

configure:4799: $? = 0
configure:4806: g++ -v >&5
Using built-in specs.
Target: i686-apple-darwin11
Configured with: /private/var/tmp/llvmgcc42/llvmgcc42-2336.9~22/src/configure --disable-checking --enable-werror --prefix=/Applications/Xcode.app/Contents/Developer/usr/llvm-gcc-4.2 --mandir=/share/man --enable-languages=c,objc,c++,obj-c++ --program-prefix=llvm- --program-transform-name=/^[cg][^.-]*$/s/$/-4.2/ --with-slibdir=/usr/lib --build=i686-apple-darwin11 --enable-llvm=/private/var/tmp/llvmgcc42/llvmgcc42-2336.9~22/dst-llvmCore/Developer/usr/local --program-prefix=i686-apple-darwin11- --host=x86_64-apple-darwin11 --target=i686-apple-darwin11 --with-gxx-include-dir=/usr/include/c++/4.2.1
Thread model: posix
gcc version 4.2.1 (Based on Apple Inc. build 5658) (LLVM build 2336.9.00)
configure:4809: $? = 0
configure:4816: g++ -V >&5
llvm-g++-4.2: argument to `-V' is missing
configure:4819: $? = 1
configure:4822: checking whether we are using the GNU C++ compiler
configure:4851: g++ -c   conftest.cpp >&5
configure:4857: $? = 0
configure:4874: result: yes
configure:4879: checking whether g++ accepts -g
configure:4909: g++ -c -g  conftest.cpp >&5
configure:4915: $? = 0
configure:5014: result: yes
configure:5039: checking dependency style of g++
configure:5130: result: gcc3
configure:5176: checking build system type
configure:5194: result: x86_64-apple-darwin11.4.0
configure:5216: checking host system type
configure:5231: result: x86_64-apple-darwin11.4.0
configure:5274: checking how to print strings
configure:5301: result: printf
configure:5322: checking for a sed that does not truncate output
configure:5401: result: /usr/bin/sed
configure:5419: checking for grep that handles long lines and -e
configure:5493: result: /usr/bin/grep
configure:5498: checking for egrep
configure:5576: result: /usr/bin/grep -E
configure:5581: checking for fgrep
configure:5659: result: /usr/bin/grep -F
configure:5694: checking for ld used by gcc
configure:5761: result: /usr/llvm-gcc-4.2/libexec/gcc/i686-apple-darwin11/4.2.1/ld
configure:5770: checking if the linker (/usr/llvm-gcc-4.2/libexec/gcc/i686-apple-darwin11/4.2.1/ld) is GNU ld
configure:5785: result: no
configure:5797: checking for BSD- or MS-compatible name lister (nm)
configure:5846: result: /usr/bin/nm
configure:5980: checking the name lister (/usr/bin/nm) interface
configure:5987: gcc -c -g -O2  conftest.c >&5
configure:5990: /usr/bin/nm "conftest.o"
configure:5993: output
00000000000001a4 S _some_variable
configure:6000: result: BSD nm
configure:6003: checking whether ln -s works
configure:6007: result: yes
configure:6015: checking the maximum length of command line arguments
configure:6140: result: 196608
configure:6157: checking whether the shell understands some XSI constructs
configure:6167: result: yes
configure:6171: checking whether the shell understands "+="
configure:6177: result: yes
configure:6212: checking for /usr/llvm-gcc-4.2/libexec/gcc/i686-apple-darwin11/4.2.1/ld option to reload object files
configure:6219: result: -r
configure:6288: checking for objdump
configure:6318: result: no
configure:6351: checking how to recognize dependent libraries
configure:6553: result: pass_all
configure:6613: checking for ar
configure:6629: found /usr/bin/ar
configure:6640: result: ar
configure:6722: checking for strip
configure:6738: found /usr/bin/strip
configure:6749: result: strip
configure:6825: checking for ranlib
configure:6841: found /usr/bin/ranlib
configure:6852: result: ranlib
configure:6958: checking command to parse /usr/bin/nm output from gcc object
configure:7076: gcc -c -g -O2  conftest.c >&5
configure:7079: $? = 0
configure:7083: /usr/bin/nm conftest.o \| sed -n -e 's/^.*[ ]\([BCDEGRST][BCDEGRST]*\)[ ][ ]*\([_A-Za-z][_A-Za-z0-9]*\)$/\1 \2 \2/p' \> conftest.nm
configure:7086: $? = 0
cannot find nm_test_var in conftest.nm
configure:7076: gcc -c -g -O2  conftest.c >&5
configure:7079: $? = 0
configure:7083: /usr/bin/nm conftest.o \| sed -n -e 's/^.*[ ]\([BCDEGRST][BCDEGRST]*\)[ ][ ]*_\([_A-Za-z][_A-Za-z0-9]*\)$/\1 _\2 \2/p' \> conftest.nm
configure:7086: $? = 0
configure:7140: gcc -o conftest -g -O2   conftest.c conftstm.o >&5
configure:7143: $? = 0
configure:7181: result: ok
configure:7471: checking for dsymutil
configure:7487: found /usr/bin/dsymutil
configure:7498: result: dsymutil
configure:7567: checking for nmedit
configure:7583: found /usr/bin/nmedit
configure:7594: result: nmedit
configure:7663: checking for lipo
configure:7679: found /usr/bin/lipo
configure:7690: result: lipo
configure:7759: checking for otool
configure:7775: found /usr/bin/otool
configure:7786: result: otool
configure:7855: checking for otool64
configure:7885: result: no
configure:7934: checking for -single_module linker flag
gcc -g -O2  -o libconftest.dylib -dynamiclib -Wl,-single_module conftest.c
configure:7961: result: yes
configure:7963: checking for -exported_symbols_list linker flag
configure:7993: gcc -o conftest -g -O2   -Wl,-exported_symbols_list,conftest.sym conftest.c  >&5
configure:7999: $? = 0
configure:8018: result: yes
configure:8020: checking for -force_load linker flag
gcc -g -O2 -c -o conftest.o conftest.c
ar cru libconftest.a conftest.o
ranlib libconftest.a
gcc -g -O2  -o conftest conftest.c -Wl,-force_load,./libconftest.a
configure:8050: result: yes
configure:8092: checking how to run the C preprocessor
configure:8132: gcc -E  conftest.c
configure:8138: $? = 0
configure:8169: gcc -E  conftest.c
conftest.c:10:28: error: ac_nonexistent.h: No such file or directory
configure:8175: $? = 1
configure: failed program was:
| /* confdefs.h.  */
| #define PACKAGE_NAME ""
| #define PACKAGE_TARNAME ""
| #define PACKAGE_VERSION ""
| #define PACKAGE_STRING ""
| #define PACKAGE_BUGREPORT ""
| #define PACKAGE "snort"
| #define VERSION "2.9.2.2"
| /* end confdefs.h.  */
| #include <ac_nonexistent.h>
configure:8208: result: gcc -E
configure:8237: gcc -E  conftest.c
configure:8243: $? = 0
configure:8274: gcc -E  conftest.c
conftest.c:10:28: error: ac_nonexistent.h: No such file or directory
configure:8280: $? = 1
configure: failed program was:
| /* confdefs.h.  */
| #define PACKAGE_NAME ""
| #define PACKAGE_TARNAME ""
| #define PACKAGE_VERSION ""
| #define PACKAGE_STRING ""
| #define PACKAGE_BUGREPORT ""
| #define PACKAGE "snort"
| #define VERSION "2.9.2.2"
| /* end confdefs.h.  */
| #include <ac_nonexistent.h>
configure:8318: checking for ANSI C header files
configure:8348: gcc -c -g -O2  conftest.c >&5
configure:8354: $? = 0
configure:8453: gcc -o conftest -g -O2   conftest.c  >&5
configure:8456: $? = 0
configure:8462: ./conftest
configure:8465: $? = 0
configure:8482: result: yes
configure:8506: checking for sys/types.h
configure:8527: gcc -c -g -O2  conftest.c >&5
configure:8533: $? = 0
configure:8549: result: yes
configure:8506: checking for sys/stat.h
configure:8527: gcc -c -g -O2  conftest.c >&5
configure:8533: $? = 0
configure:8549: result: yes
configure:8506: checking for stdlib.h
configure:8527: gcc -c -g -O2  conftest.c >&5
configure:8533: $? = 0
configure:8549: result: yes
configure:8506: checking for string.h
configure:8527: gcc -c -g -O2  conftest.c >&5
configure:8533: $? = 0
configure:8549: result: yes
configure:8506: checking for memory.h
configure:8527: gcc -c -g -O2  conftest.c >&5
configure:8533: $? = 0
configure:8549: result: yes
configure:8506: checking for strings.h
configure:8527: gcc -c -g -O2  conftest.c >&5
configure:8533: $? = 0
configure:8549: result: yes
configure:8506: checking for inttypes.h
configure:8527: gcc -c -g -O2  conftest.c >&5
configure:8533: $? = 0
configure:8549: result: yes
configure:8506: checking for stdint.h
configure:8527: gcc -c -g -O2  conftest.c >&5
configure:8533: $? = 0
configure:8549: result: yes
configure:8506: checking for unistd.h
configure:8527: gcc -c -g -O2  conftest.c >&5
configure:8533: $? = 0
configure:8549: result: yes
configure:8565: checking for dlfcn.h
configure:8586: gcc -c -g -O2  conftest.c >&5
configure:8592: $? = 0
configure:8608: result: yes
configure:8796: checking for objdir
configure:8811: result: .libs
configure:9078: checking if gcc supports -fno-rtti -fno-exceptions
configure:9096: gcc -c -g -O2  -fno-rtti -fno-exceptions conftest.c >&5
cc1: warning: command line option "-fno-rtti" is valid for C++/ObjC++ but not for C
configure:9100: $? = 0
configure:9113: result: no
configure:9133: checking for gcc option to produce PIC
configure:9418: result: -fno-common -DPIC
configure:9430: checking if gcc PIC flag -fno-common -DPIC works
configure:9448: gcc -c -g -O2  -fno-common -DPIC -DPIC conftest.c >&5
configure:9452: $? = 0
configure:9465: result: yes
configure:9489: checking if gcc static flag -static works
configure:9517: result: no
configure:9532: checking if gcc supports -c -o file.o
configure:9553: gcc -c -g -O2  -o out/conftest2.o conftest.c >&5
configure:9557: $? = 0
configure:9579: result: yes
configure:9587: checking if gcc supports -c -o file.o
configure:9634: result: yes
configure:9667: checking whether the gcc linker (/usr/llvm-gcc-4.2/libexec/gcc/i686-apple-darwin11/4.2.1/ld) supports shared libraries
configure:10818: result: yes
configure:11063: checking dynamic linker characteristics
configure:11768: result: darwin11.4.0 dyld
configure:11875: checking how to hardcode library paths into programs
configure:11900: result: immediate
configure:12725: checking whether stripping libraries is possible
configure:12739: result: yes
configure:12765: checking if libtool supports shared libraries
configure:12767: result: yes
configure:12770: checking whether to build shared libraries
configure:12791: result: yes
configure:12794: checking whether to build static libraries
configure:12798: result: yes
configure:12821: checking how to run the C++ preprocessor
configure:12857: g++ -E  conftest.cpp
configure:12863: $? = 0
configure:12894: g++ -E  conftest.cpp
conftest.cpp:22:28: error: ac_nonexistent.h: No such file or directory
configure:12900: $? = 1
configure: failed program was:
| /* confdefs.h.  */
| #define PACKAGE_NAME ""
| #define PACKAGE_TARNAME ""
| #define PACKAGE_VERSION ""
| #define PACKAGE_STRING ""
| #define PACKAGE_BUGREPORT ""
| #define PACKAGE "snort"
| #define VERSION "2.9.2.2"
| #define STDC_HEADERS 1
| #define HAVE_SYS_TYPES_H 1
| #define HAVE_SYS_STAT_H 1
| #define HAVE_STDLIB_H 1
| #define HAVE_STRING_H 1
| #define HAVE_MEMORY_H 1
| #define HAVE_STRINGS_H 1
| #define HAVE_INTTYPES_H 1
| #define HAVE_STDINT_H 1
| #define HAVE_UNISTD_H 1
| #define HAVE_DLFCN_H 1
| #define LT_OBJDIR ".libs/"
| /* end confdefs.h.  */
| #include <ac_nonexistent.h>
configure:12933: result: g++ -E
configure:12962: g++ -E  conftest.cpp
configure:12968: $? = 0
configure:12999: g++ -E  conftest.cpp
conftest.cpp:22:28: error: ac_nonexistent.h: No such file or directory
configure:13005: $? = 1
configure: failed program was:
| /* confdefs.h.  */
| #define PACKAGE_NAME ""
| #define PACKAGE_TARNAME ""
| #define PACKAGE_VERSION ""
| #define PACKAGE_STRING ""
| #define PACKAGE_BUGREPORT ""
| #define PACKAGE "snort"
| #define VERSION "2.9.2.2"
| #define STDC_HEADERS 1
| #define HAVE_SYS_TYPES_H 1
| #define HAVE_SYS_STAT_H 1
| #define HAVE_STDLIB_H 1
| #define HAVE_STRING_H 1
| #define HAVE_MEMORY_H 1
| #define HAVE_STRINGS_H 1
| #define HAVE_INTTYPES_H 1
| #define HAVE_STDINT_H 1
| #define HAVE_UNISTD_H 1
| #define HAVE_DLFCN_H 1
| #define LT_OBJDIR ".libs/"
| /* end confdefs.h.  */
| #include <ac_nonexistent.h>
configure:13182: checking for ld used by g++
configure:13249: result: /usr/llvm-gcc-4.2/libexec/gcc/i686-apple-darwin11/4.2.1/ld
configure:13258: checking if the linker (/usr/llvm-gcc-4.2/libexec/gcc/i686-apple-darwin11/4.2.1/ld) is GNU ld
configure:13273: result: no
configure:13328: checking whether the g++ linker (/usr/llvm-gcc-4.2/libexec/gcc/i686-apple-darwin11/4.2.1/ld) supports shared libraries
configure:14314: result: yes
configure:14342: g++ -c -g -O2  conftest.cpp >&5
configure:14345: $? = 0
configure:14527: checking for g++ option to produce PIC
configure:14849: result: -fno-common -DPIC
configure:14858: checking if g++ PIC flag -fno-common -DPIC works
configure:14876: g++ -c -g -O2  -fno-common -DPIC -DPIC conftest.cpp >&5
configure:14880: $? = 0
configure:14893: result: yes
configure:14914: checking if g++ static flag -static works
configure:14942: result: no
configure:14954: checking if g++ supports -c -o file.o
configure:14975: g++ -c -g -O2  -o out/conftest2.o conftest.cpp >&5
configure:14979: $? = 0
configure:15001: result: yes
configure:15006: checking if g++ supports -c -o file.o
configure:15053: result: yes
configure:15083: checking whether the g++ linker (/usr/llvm-gcc-4.2/libexec/gcc/i686-apple-darwin11/4.2.1/ld) supports shared libraries
configure:15111: result: yes
configure:15254: checking dynamic linker characteristics
configure:15893: result: darwin11.4.0 dyld
configure:15946: checking how to hardcode library paths into programs
configure:15971: result: immediate
configure:16072: checking for ranlib
configure:16099: result: ranlib
configure:16125: checking whether byte ordering is bigendian
configure:16158: gcc -c -g -O2  conftest.c >&5
configure:16164: $? = 0
configure:16196: gcc -c -g -O2  conftest.c >&5
conftest.c: In function 'main':
conftest.c:29: error: 'not' undeclared (first use in this function)
conftest.c:29: error: (Each undeclared identifier is reported only once
conftest.c:29: error: for each function it appears in.)
conftest.c:29: error: expected ';' before 'big'
configure:16202: $? = 1
configure: failed program was:
| /* confdefs.h.  */
| #define PACKAGE_NAME ""
| #define PACKAGE_TARNAME ""
| #define PACKAGE_VERSION ""
| #define PACKAGE_STRING ""
| #define PACKAGE_BUGREPORT ""
| #define PACKAGE "snort"
| #define VERSION "2.9.2.2"
| #define STDC_HEADERS 1
| #define HAVE_SYS_TYPES_H 1
| #define HAVE_SYS_STAT_H 1
| #define HAVE_STDLIB_H 1
| #define HAVE_STRING_H 1
| #define HAVE_MEMORY_H 1
| #define HAVE_STRINGS_H 1
| #define HAVE_INTTYPES_H 1
| #define HAVE_STDINT_H 1
| #define HAVE_UNISTD_H 1
| #define HAVE_DLFCN_H 1
| #define LT_OBJDIR ".libs/"
| /* end confdefs.h.  */
| #include <sys/types.h>
| #include <sys/param.h>
| 
| int
| main ()
| {
| #if BYTE_ORDER != BIG_ENDIAN
|  not big endian
| #endif
| 
|   ;
|   return 0;
| }
configure:16342: result: no
configure:16361: checking for inline
configure:16387: gcc -c -g -O2  conftest.c >&5
configure:16393: $? = 0
configure:16411: result: inline
configure:16590: checking for stdbool.h that conforms to C99
configure:16683: gcc -c -g -O2  conftest.c >&5
conftest.c:77: error: initializer element is not constant
configure:16689: $? = 1
configure: failed program was:
| /* confdefs.h.  */
| #define PACKAGE_NAME ""
| #define PACKAGE_TARNAME ""
| #define PACKAGE_VERSION ""
| #define PACKAGE_STRING ""
| #define PACKAGE_BUGREPORT ""
| #define PACKAGE "snort"
| #define VERSION "2.9.2.2"
| #define STDC_HEADERS 1
| #define HAVE_SYS_TYPES_H 1
| #define HAVE_SYS_STAT_H 1
| #define HAVE_STDLIB_H 1
| #define HAVE_STRING_H 1
| #define HAVE_MEMORY_H 1
| #define HAVE_STRINGS_H 1
| #define HAVE_INTTYPES_H 1
| #define HAVE_STDINT_H 1
| #define HAVE_UNISTD_H 1
| #define HAVE_DLFCN_H 1
| #define LT_OBJDIR ".libs/"
| #define MACOS 1
| #define BROKEN_SIOCGIFMTU 1
| /* end confdefs.h.  */
| 
| #include <stdbool.h>
| #ifndef bool
|  "error: bool is not defined"
| #endif
| #ifndef false
|  "error: false is not defined"
| #endif
| #if false
|  "error: false is not 0"
| #endif
| #ifndef true
|  "error: true is not defined"
| #endif
| #if true != 1
|  "error: true is not 1"
| #endif
| #ifndef __bool_true_false_are_defined
|  "error: __bool_true_false_are_defined is not defined"
| #endif
| 
| 	struct s { _Bool s: 1; _Bool t; } s;
| 
| 	char a[true == 1 ? 1 : -1];
| 	char b[false == 0 ? 1 : -1];
| 	char c[__bool_true_false_are_defined == 1 ? 1 : -1];
| 	char d[(bool) 0.5 == true ? 1 : -1];
| 	bool e = &s;
| 	char f[(_Bool) 0.0 == false ? 1 : -1];
| 	char g[true];
| 	char h[sizeof (_Bool)];
| 	char i[sizeof s.t];
| 	enum { j = false, k = true, l = false * true, m = true * 256 };
| 	_Bool n[m];
| 	char o[sizeof n == m * sizeof n[0] ? 1 : -1];
| 	char p[-1 - (_Bool) 0 < 0 && -1 - (bool) 0 < 0 ? 1 : -1];
| #	if defined __xlc__ || defined __GNUC__
| 	 /* Catch a bug in IBM AIX xlc compiler version 6.0.0.0
| 	    reported by James Lemley on 2005-10-05; see
| 	    http://lists.gnu.org/archive/html/bug-coreutils/2005-10/msg00086.html
| 	    This test is not quite right, since xlc is allowed to
| 	    reject this program, as the initializer for xlcbug is
| 	    not one of the forms that C requires support for.
| 	    However, doing the test right would require a runtime
| 	    test, and that would make cross-compilation harder.
| 	    Let us hope that IBM fixes the xlc bug, and also adds
| 	    support for this kind of constant expression.  In the
| 	    meantime, this test will reject xlc, which is OK, since
| 	    our stdbool.h substitute should suffice.  We also test
| 	    this with GCC, where it should work, to detect more
| 	    quickly whether someone messes up the test in the
| 	    future.  */
| 	 char digs[] = "0123456789";
| 	 int xlcbug = 1 / (&(digs + 5)[-2 + (bool) 1] == &digs[4] ? 1 : -1);
| #	endif
| 	/* Catch a bug in an HP-UX C compiler.  See
| 	   http://gcc.gnu.org/ml/gcc-patches/2003-12/msg02303.html
| 	   http://lists.gnu.org/archive/html/bug-coreutils/2005-11/msg00161.html
| 	 */
| 	_Bool q = true;
| 	_Bool *pq = &q;
| 
| int
| main ()
| {
| 
| 	*pq |= q;
| 	*pq |= ! q;
| 	/* Refer to every declared value, to avoid compiler optimizations.  */
| 	return (!a + !b + !c + !d + !e + !f + !g + !h + !i + !!j + !k + !!l
| 		+ !m + !n + !o + !p + !q + !pq);
| 
|   ;
|   return 0;
| }
configure:16704: result: no
configure:16706: checking for _Bool
configure:16736: gcc -c -g -O2  conftest.c >&5
configure:16742: $? = 0
configure:16757: result: yes
configure:16815: checking for bison
configure:16831: found /usr/bin/bison
configure:16842: result: bison
configure:16866: checking for flex
configure:16882: found /usr/bin/flex
configure:16893: result: flex
configure:16931: checking for inttypes.h
configure:16937: result: yes
configure:16941: checking math.h usability
configure:16958: gcc -c -g -O2  conftest.c >&5
configure:16964: $? = 0
configure:16978: result: yes
configure:16982: checking math.h presence
configure:16997: gcc -E  conftest.c
configure:17003: $? = 0
configure:17017: result: yes
configure:17045: checking for math.h
configure:17053: result: yes
configure:16941: checking paths.h usability
configure:16958: gcc -c -g -O2  conftest.c >&5
configure:16964: $? = 0
configure:16978: result: yes
configure:16982: checking paths.h presence
configure:16997: gcc -E  conftest.c
configure:17003: $? = 0
configure:17017: result: yes
configure:17045: checking for paths.h
configure:17053: result: yes
configure:16931: checking for stdlib.h
configure:16937: result: yes
configure:16931: checking for string.h
configure:16937: result: yes
configure:16931: checking for strings.h
configure:16937: result: yes
configure:16931: checking for unistd.h
configure:16937: result: yes
configure:16941: checking wchar.h usability
configure:16958: gcc -c -g -O2  conftest.c >&5
configure:16964: $? = 0
configure:16978: result: yes
configure:16982: checking wchar.h presence
configure:16997: gcc -E  conftest.c
configure:17003: $? = 0
configure:17017: result: yes
configure:17045: checking for wchar.h
configure:17053: result: yes
configure:16941: checking sys/sockio.h usability
configure:16958: gcc -c -g -O2  conftest.c >&5
configure:16964: $? = 0
configure:16978: result: yes
configure:16982: checking sys/sockio.h presence
configure:16997: gcc -E  conftest.c
configure:17003: $? = 0
configure:17017: result: yes
configure:17045: checking for sys/sockio.h
configure:17053: result: yes
configure:17071: checking for floor in -lm
configure:17106: gcc -o conftest -g -O2   -L/sw/lib conftest.c -lm   >&5
conftest.c:41: warning: conflicting types for built-in function 'floor'
ld: warning: directory not found for option '-L/sw/lib'
configure:17112: $? = 0
configure:17130: result: yes
configure:17142: checking for ceil in -lm
configure:17177: gcc -o conftest -g -O2   -L/sw/lib conftest.c -lm  -lm  >&5
conftest.c:42: warning: conflicting types for built-in function 'ceil'
ld: warning: directory not found for option '-L/sw/lib'
configure:17183: $? = 0
configure:17201: result: yes
configure:17228: checking uuid/uuid.h usability
configure:17245: gcc -c -g -O2  conftest.c >&5
configure:17251: $? = 0
configure:17265: result: yes
configure:17269: checking uuid/uuid.h presence
configure:17284: gcc -E  conftest.c
configure:17290: $? = 0
configure:17304: result: yes
configure:17332: checking for uuid/uuid.h
configure:17340: result: yes
configure:17349: checking for uuid_parse in -luuid
configure:17384: gcc -o conftest -g -O2   -L/sw/lib conftest.c -luuid  -lm -lm  >&5
ld: warning: directory not found for option '-L/sw/lib'
ld: library not found for -luuid
collect2: ld returned 1 exit status
configure:17390: $? = 1
configure: failed program was:
| /* confdefs.h.  */
| #define PACKAGE_NAME ""
| #define PACKAGE_TARNAME ""
| #define PACKAGE_VERSION ""
| #define PACKAGE_STRING ""
| #define PACKAGE_BUGREPORT ""
| #define PACKAGE "snort"
| #define VERSION "2.9.2.2"
| #define STDC_HEADERS 1
| #define HAVE_SYS_TYPES_H 1
| #define HAVE_SYS_STAT_H 1
| #define HAVE_STDLIB_H 1
| #define HAVE_STRING_H 1
| #define HAVE_MEMORY_H 1
| #define HAVE_STRINGS_H 1
| #define HAVE_INTTYPES_H 1
| #define HAVE_STDINT_H 1
| #define HAVE_UNISTD_H 1
| #define HAVE_DLFCN_H 1
| #define LT_OBJDIR ".libs/"
| #define MACOS 1
| #define BROKEN_SIOCGIFMTU 1
| #define HAVE__BOOL 1
| #define HAVE_INTTYPES_H 1
| #define HAVE_MATH_H 1
| #define HAVE_PATHS_H 1
| #define HAVE_STDLIB_H 1
| #define HAVE_STRING_H 1
| #define HAVE_STRINGS_H 1
| #define HAVE_UNISTD_H 1
| #define HAVE_WCHAR_H 1
| #define HAVE_SYS_SOCKIO_H 1
| #define HAVE_LIBM 1
| #define HAVE_LIBM 1
| #define HAVE_UUID_UUID_H 1
| /* end confdefs.h.  */
| 
| /* Override any GCC internal prototype to avoid an error.
|    Use char because int might match the return type of a GCC
|    builtin and then its argument prototype would still apply.  */
| #ifdef __cplusplus
| extern "C"
| #endif
| char uuid_parse ();
| int
| main ()
| {
| return uuid_parse ();
|   ;
|   return 0;
| }
configure:17408: result: no
configure:17500: checking for inet_ntoa in -lnsl
configure:17535: gcc -o conftest -g -O2   -L/sw/lib conftest.c -lnsl  -lm -lm  >&5
ld: warning: directory not found for option '-L/sw/lib'
ld: library not found for -lnsl
collect2: ld returned 1 exit status
configure:17541: $? = 1
configure: failed program was:
| /* confdefs.h.  */
| #define PACKAGE_NAME ""
| #define PACKAGE_TARNAME ""
| #define PACKAGE_VERSION ""
| #define PACKAGE_STRING ""
| #define PACKAGE_BUGREPORT ""
| #define PACKAGE "snort"
| #define VERSION "2.9.2.2"
| #define STDC_HEADERS 1
| #define HAVE_SYS_TYPES_H 1
| #define HAVE_SYS_STAT_H 1
| #define HAVE_STDLIB_H 1
| #define HAVE_STRING_H 1
| #define HAVE_MEMORY_H 1
| #define HAVE_STRINGS_H 1
| #define HAVE_INTTYPES_H 1
| #define HAVE_STDINT_H 1
| #define HAVE_UNISTD_H 1
| #define HAVE_DLFCN_H 1
| #define LT_OBJDIR ".libs/"
| #define MACOS 1
| #define BROKEN_SIOCGIFMTU 1
| #define HAVE__BOOL 1
| #define HAVE_INTTYPES_H 1
| #define HAVE_MATH_H 1
| #define HAVE_PATHS_H 1
| #define HAVE_STDLIB_H 1
| #define HAVE_STRING_H 1
| #define HAVE_STRINGS_H 1
| #define HAVE_UNISTD_H 1
| #define HAVE_WCHAR_H 1
| #define HAVE_SYS_SOCKIO_H 1
| #define HAVE_LIBM 1
| #define HAVE_LIBM 1
| #define HAVE_UUID_UUID_H 1
| /* end confdefs.h.  */
| 
| /* Override any GCC internal prototype to avoid an error.
|    Use char because int might match the return type of a GCC
|    builtin and then its argument prototype would still apply.  */
| #ifdef __cplusplus
| extern "C"
| #endif
| char inet_ntoa ();
| int
| main ()
| {
| return inet_ntoa ();
|   ;
|   return 0;
| }
configure:17559: result: no
configure:17574: checking for socket in -lsocket
configure:17609: gcc -o conftest -g -O2   -L/sw/lib conftest.c -lsocket  -lm -lm  >&5
ld: warning: directory not found for option '-L/sw/lib'
ld: library not found for -lsocket
collect2: ld returned 1 exit status
configure:17615: $? = 1
configure: failed program was:
| /* confdefs.h.  */
| #define PACKAGE_NAME ""
| #define PACKAGE_TARNAME ""
| #define PACKAGE_VERSION ""
| #define PACKAGE_STRING ""
| #define PACKAGE_BUGREPORT ""
| #define PACKAGE "snort"
| #define VERSION "2.9.2.2"
| #define STDC_HEADERS 1
| #define HAVE_SYS_TYPES_H 1
| #define HAVE_SYS_STAT_H 1
| #define HAVE_STDLIB_H 1
| #define HAVE_STRING_H 1
| #define HAVE_MEMORY_H 1
| #define HAVE_STRINGS_H 1
| #define HAVE_INTTYPES_H 1
| #define HAVE_STDINT_H 1
| #define HAVE_UNISTD_H 1
| #define HAVE_DLFCN_H 1
| #define LT_OBJDIR ".libs/"
| #define MACOS 1
| #define BROKEN_SIOCGIFMTU 1
| #define HAVE__BOOL 1
| #define HAVE_INTTYPES_H 1
| #define HAVE_MATH_H 1
| #define HAVE_PATHS_H 1
| #define HAVE_STDLIB_H 1
| #define HAVE_STRING_H 1
| #define HAVE_STRINGS_H 1
| #define HAVE_UNISTD_H 1
| #define HAVE_WCHAR_H 1
| #define HAVE_SYS_SOCKIO_H 1
| #define HAVE_LIBM 1
| #define HAVE_LIBM 1
| #define HAVE_UUID_UUID_H 1
| /* end confdefs.h.  */
| 
| /* Override any GCC internal prototype to avoid an error.
|    Use char because int might match the return type of a GCC
|    builtin and then its argument prototype would still apply.  */
| #ifdef __cplusplus
| extern "C"
| #endif
| char socket ();
| int
| main ()
| {
| return socket ();
|   ;
|   return 0;
| }
configure:17633: result: no
configure:17863: checking whether printf must be declared
configure:17906: gcc -c -g -O2  conftest.c >&5
configure:17912: $? = 0
configure:17940: result: no
configure:17863: checking whether fprintf must be declared
configure:17906: gcc -c -g -O2  conftest.c >&5
configure:17912: $? = 0
configure:17940: result: no
configure:17863: checking whether syslog must be declared
configure:17906: gcc -c -g -O2  conftest.c >&5
configure:17912: $? = 0
configure:17940: result: no
configure:17863: checking whether puts must be declared
configure:17906: gcc -c -g -O2  conftest.c >&5
configure:17912: $? = 0
configure:17940: result: no
configure:17863: checking whether fputs must be declared
configure:17906: gcc -c -g -O2  conftest.c >&5
configure:17912: $? = 0
configure:17940: result: no
configure:17863: checking whether fputc must be declared
configure:17906: gcc -c -g -O2  conftest.c >&5
configure:17912: $? = 0
configure:17940: result: no
configure:17863: checking whether fopen must be declared
configure:17906: gcc -c -g -O2  conftest.c >&5
configure:17912: $? = 0
configure:17940: result: no
configure:17863: checking whether fclose must be declared
configure:17906: gcc -c -g -O2  conftest.c >&5
configure:17912: $? = 0
configure:17940: result: no
configure:17863: checking whether fwrite must be declared
configure:17906: gcc -c -g -O2  conftest.c >&5
configure:17912: $? = 0
configure:17940: result: no
configure:17863: checking whether fflush must be declared
configure:17906: gcc -c -g -O2  conftest.c >&5
configure:17912: $? = 0
configure:17940: result: no
configure:17863: checking whether getopt must be declared
configure:17906: gcc -c -g -O2  conftest.c >&5
configure:17912: $? = 0
configure:17940: result: no
configure:17863: checking whether bzero must be declared
configure:17906: gcc -c -g -O2  conftest.c >&5
configure:17912: $? = 0
configure:17940: result: no
configure:17863: checking whether bcopy must be declared
configure:17906: gcc -c -g -O2  conftest.c >&5
configure:17912: $? = 0
configure:17940: result: no
configure:17863: checking whether memset must be declared
configure:17906: gcc -c -g -O2  conftest.c >&5
configure:17912: $? = 0
configure:17940: result: no
configure:17863: checking whether strtol must be declared
configure:17906: gcc -c -g -O2  conftest.c >&5
configure:17912: $? = 0
configure:17940: result: no
configure:17863: checking whether strcasecmp must be declared
configure:17906: gcc -c -g -O2  conftest.c >&5
configure:17912: $? = 0
configure:17940: result: no
configure:17863: checking whether strncasecmp must be declared
configure:17906: gcc -c -g -O2  conftest.c >&5
configure:17912: $? = 0
configure:17940: result: no
configure:17863: checking whether strerror must be declared
configure:17906: gcc -c -g -O2  conftest.c >&5
configure:17912: $? = 0
configure:17940: result: no
configure:17863: checking whether perror must be declared
configure:17906: gcc -c -g -O2  conftest.c >&5
configure:17912: $? = 0
configure:17940: result: no
configure:17863: checking whether socket must be declared
configure:17906: gcc -c -g -O2  conftest.c >&5
configure:17912: $? = 0
configure:17940: result: no
configure:17863: checking whether sendto must be declared
configure:17906: gcc -c -g -O2  conftest.c >&5
configure:17912: $? = 0
configure:17940: result: no
configure:17863: checking whether vsnprintf must be declared
configure:17906: gcc -c -g -O2  conftest.c >&5
configure:17912: $? = 0
configure:17940: result: no
configure:17863: checking whether snprintf must be declared
configure:17906: gcc -c -g -O2  conftest.c >&5
configure:17912: $? = 0
configure:17940: result: no
configure:17863: checking whether strtoul must be declared
configure:17906: gcc -c -g -O2  conftest.c >&5
configure:17912: $? = 0
configure:17940: result: no
configure:17958: checking for sigaction
configure:18014: gcc -o conftest -g -O2   -L/sw/lib conftest.c -lm -lm  >&5
ld: warning: directory not found for option '-L/sw/lib'
configure:18020: $? = 0
configure:18038: result: yes
configure:17958: checking for strlcpy
configure:18014: gcc -o conftest -g -O2   -L/sw/lib conftest.c -lm -lm  >&5
ld: warning: directory not found for option '-L/sw/lib'
configure:18020: $? = 0
configure:18038: result: yes
configure:17958: checking for strlcat
configure:18014: gcc -o conftest -g -O2   -L/sw/lib conftest.c -lm -lm  >&5
ld: warning: directory not found for option '-L/sw/lib'
configure:18020: $? = 0
configure:18038: result: yes
configure:17958: checking for strerror
configure:18014: gcc -o conftest -g -O2   -L/sw/lib conftest.c -lm -lm  >&5
ld: warning: directory not found for option '-L/sw/lib'
configure:18020: $? = 0
configure:18038: result: yes
configure:17958: checking for vswprintf
configure:18014: gcc -o conftest -g -O2   -L/sw/lib conftest.c -lm -lm  >&5
ld: warning: directory not found for option '-L/sw/lib'
configure:18020: $? = 0
configure:18038: result: yes
configure:17958: checking for wprintf
configure:18014: gcc -o conftest -g -O2   -L/sw/lib conftest.c -lm -lm  >&5
ld: warning: directory not found for option '-L/sw/lib'
configure:18020: $? = 0
configure:18038: result: yes
configure:17958: checking for memrchr
configure:18014: gcc -o conftest -g -O2   -L/sw/lib conftest.c -lm -lm  >&5
ld: warning: directory not found for option '-L/sw/lib'
Undefined symbols for architecture x86_64:
  "_memrchr", referenced from:
      _main in cc70Phcf.o
ld: symbol(s) not found for architecture x86_64
collect2: ld returned 1 exit status
configure:18020: $? = 1
configure: failed program was:
| /* confdefs.h.  */
| #define PACKAGE_NAME ""
| #define PACKAGE_TARNAME ""
| #define PACKAGE_VERSION ""
| #define PACKAGE_STRING ""
| #define PACKAGE_BUGREPORT ""
| #define PACKAGE "snort"
| #define VERSION "2.9.2.2"
| #define STDC_HEADERS 1
| #define HAVE_SYS_TYPES_H 1
| #define HAVE_SYS_STAT_H 1
| #define HAVE_STDLIB_H 1
| #define HAVE_STRING_H 1
| #define HAVE_MEMORY_H 1
| #define HAVE_STRINGS_H 1
| #define HAVE_INTTYPES_H 1
| #define HAVE_STDINT_H 1
| #define HAVE_UNISTD_H 1
| #define HAVE_DLFCN_H 1
| #define LT_OBJDIR ".libs/"
| #define MACOS 1
| #define BROKEN_SIOCGIFMTU 1
| #define HAVE__BOOL 1
| #define HAVE_INTTYPES_H 1
| #define HAVE_MATH_H 1
| #define HAVE_PATHS_H 1
| #define HAVE_STDLIB_H 1
| #define HAVE_STRING_H 1
| #define HAVE_STRINGS_H 1
| #define HAVE_UNISTD_H 1
| #define HAVE_WCHAR_H 1
| #define HAVE_SYS_SOCKIO_H 1
| #define HAVE_LIBM 1
| #define HAVE_LIBM 1
| #define HAVE_UUID_UUID_H 1
| #define HAVE_SIGACTION 1
| #define HAVE_STRLCPY 1
| #define HAVE_STRLCAT 1
| #define HAVE_STRERROR 1
| #define HAVE_VSWPRINTF 1
| #define HAVE_WPRINTF 1
| /* end confdefs.h.  */
| /* Define memrchr to an innocuous variant, in case <limits.h> declares memrchr.
|    For example, HP-UX 11i <limits.h> declares gettimeofday.  */
| #define memrchr innocuous_memrchr
| 
| /* System header to define __stub macros and hopefully few prototypes,
|     which can conflict with char memrchr (); below.
|     Prefer <limits.h> to <assert.h> if __STDC__ is defined, since
|     <limits.h> exists even on freestanding compilers.  */
| 
| #ifdef __STDC__
| # include <limits.h>
| #else
| # include <assert.h>
| #endif
| 
| #undef memrchr
| 
| /* Override any GCC internal prototype to avoid an error.
|    Use char because int might match the return type of a GCC
|    builtin and then its argument prototype would still apply.  */
| #ifdef __cplusplus
| extern "C"
| #endif
| char memrchr ();
| /* The GNU C library defines this for functions which it implements
|     to always fail with ENOSYS.  Some functions are actually named
|     something starting with __ and the normal name is an alias.  */
| #if defined __stub_memrchr || defined __stub___memrchr
| choke me
| #endif
| 
| int
| main ()
| {
| return memrchr ();
|   ;
|   return 0;
| }
configure:18038: result: no
configure:17958: checking for inet_ntop
configure:18014: gcc -o conftest -g -O2   -L/sw/lib conftest.c -lm -lm  >&5
ld: warning: directory not found for option '-L/sw/lib'
configure:18020: $? = 0
configure:18038: result: yes
configure:18049: checking for snprintf
configure:18105: gcc -o conftest -g -O2   -L/sw/lib conftest.c -lm -lm  >&5
conftest.c:67: warning: conflicting types for built-in function 'snprintf'
ld: warning: directory not found for option '-L/sw/lib'
configure:18111: $? = 0
configure:18128: result: yes
configure:18152: checking for char
configure:18182: gcc -c -g -O2  conftest.c >&5
configure:18188: $? = 0
configure:18203: result: yes
configure:18210: checking size of char
configure:18512: gcc -o conftest -g -O2   -L/sw/lib conftest.c -lm -lm  >&5
ld: warning: directory not found for option '-L/sw/lib'
configure:18515: $? = 0
configure:18521: ./conftest
configure:18524: $? = 0
configure:18547: result: 1
configure:18557: checking for short
configure:18587: gcc -c -g -O2  conftest.c >&5
configure:18593: $? = 0
configure:18608: result: yes
configure:18615: checking size of short
configure:18917: gcc -o conftest -g -O2   -L/sw/lib conftest.c -lm -lm  >&5
ld: warning: directory not found for option '-L/sw/lib'
configure:18920: $? = 0
configure:18926: ./conftest
configure:18929: $? = 0
configure:18952: result: 2
configure:18962: checking for int
configure:18992: gcc -c -g -O2  conftest.c >&5
configure:18998: $? = 0
configure:19013: result: yes
configure:19020: checking size of int
configure:19322: gcc -o conftest -g -O2   -L/sw/lib conftest.c -lm -lm  >&5
ld: warning: directory not found for option '-L/sw/lib'
configure:19325: $? = 0
configure:19331: ./conftest
configure:19334: $? = 0
configure:19357: result: 4
configure:19367: checking for long int
configure:19397: gcc -c -g -O2  conftest.c >&5
configure:19403: $? = 0
configure:19418: result: yes
configure:19425: checking size of long int
configure:19727: gcc -o conftest -g -O2   -L/sw/lib conftest.c -lm -lm  >&5
ld: warning: directory not found for option '-L/sw/lib'
configure:19730: $? = 0
configure:19736: ./conftest
configure:19739: $? = 0
configure:19762: result: 8
configure:19772: checking for long long int
configure:19802: gcc -c -g -O2  conftest.c >&5
configure:19808: $? = 0
configure:19823: result: yes
configure:19830: checking size of long long int
configure:20132: gcc -o conftest -g -O2   -L/sw/lib conftest.c -lm -lm  >&5
ld: warning: directory not found for option '-L/sw/lib'
configure:20135: $? = 0
configure:20141: ./conftest
configure:20144: $? = 0
configure:20167: result: 8
configure:20177: checking for unsigned int
configure:20207: gcc -c -g -O2  conftest.c >&5
configure:20213: $? = 0
configure:20228: result: yes
configure:20235: checking size of unsigned int
configure:20537: gcc -o conftest -g -O2   -L/sw/lib conftest.c -lm -lm  >&5
ld: warning: directory not found for option '-L/sw/lib'
configure:20540: $? = 0
configure:20546: ./conftest
configure:20549: $? = 0
configure:20572: result: 4
configure:20582: checking for unsigned long int
configure:20612: gcc -c -g -O2  conftest.c >&5
configure:20618: $? = 0
configure:20633: result: yes
configure:20640: checking size of unsigned long int
configure:20942: gcc -o conftest -g -O2   -L/sw/lib conftest.c -lm -lm  >&5
ld: warning: directory not found for option '-L/sw/lib'
configure:20945: $? = 0
configure:20951: ./conftest
configure:20954: $? = 0
configure:20977: result: 8
configure:20987: checking for unsigned long long int
configure:21017: gcc -c -g -O2  conftest.c >&5
configure:21023: $? = 0
configure:21038: result: yes
configure:21045: checking size of unsigned long long int
configure:21347: gcc -o conftest -g -O2   -L/sw/lib conftest.c -lm -lm  >&5
ld: warning: directory not found for option '-L/sw/lib'
configure:21350: $? = 0
configure:21356: ./conftest
configure:21359: $? = 0
configure:21382: result: 8
configure:21394: checking for u_int8_t
configure:21424: gcc -c -g -O2  conftest.c >&5
configure:21430: $? = 0
configure:21445: result: yes
configure:21455: checking for u_int16_t
configure:21485: gcc -c -g -O2  conftest.c >&5
configure:21491: $? = 0
configure:21506: result: yes
configure:21516: checking for u_int32_t
configure:21546: gcc -c -g -O2  conftest.c >&5
configure:21552: $? = 0
configure:21567: result: yes
configure:21577: checking for u_int64_t
configure:21607: gcc -c -g -O2  conftest.c >&5
configure:21613: $? = 0
configure:21628: result: yes
configure:21638: checking for uint8_t
configure:21668: gcc -c -g -O2  conftest.c >&5
configure:21674: $? = 0
configure:21689: result: yes
configure:21699: checking for uint16_t
configure:21729: gcc -c -g -O2  conftest.c >&5
configure:21735: $? = 0
configure:21750: result: yes
configure:21760: checking for uint32_t
configure:21790: gcc -c -g -O2  conftest.c >&5
configure:21796: $? = 0
configure:21811: result: yes
configure:21821: checking for uint64_t
configure:21851: gcc -c -g -O2  conftest.c >&5
configure:21857: $? = 0
configure:21872: result: yes
configure:21883: checking for int8_t
configure:21913: gcc -c -g -O2  conftest.c >&5
configure:21919: $? = 0
configure:21934: result: yes
configure:21944: checking for int16_t
configure:21974: gcc -c -g -O2  conftest.c >&5
configure:21980: $? = 0
configure:21995: result: yes
configure:22005: checking for int32_t
configure:22035: gcc -c -g -O2  conftest.c >&5
configure:22041: $? = 0
configure:22056: result: yes
configure:22066: checking for int64_t
configure:22096: gcc -c -g -O2  conftest.c >&5
configure:22102: $? = 0
configure:22117: result: yes
configure:22129: checking for boolean
configure:22159: gcc -c -g -O2  conftest.c >&5
conftest.c:98: error: expected '=', ',', ';', 'asm' or '__attribute__' before 'ac__type_new_'
conftest.c: In function 'main':
conftest.c:102: error: 'ac__type_new_' undeclared (first use in this function)
conftest.c:102: error: (Each undeclared identifier is reported only once
conftest.c:102: error: for each function it appears in.)
conftest.c:102: error: expected expression before ')' token
configure:22165: $? = 1
configure: failed program was:
| /* confdefs.h.  */
| #define PACKAGE_NAME ""
| #define PACKAGE_TARNAME ""
| #define PACKAGE_VERSION ""
| #define PACKAGE_STRING ""
| #define PACKAGE_BUGREPORT ""
| #define PACKAGE "snort"
| #define VERSION "2.9.2.2"
| #define STDC_HEADERS 1
| #define HAVE_SYS_TYPES_H 1
| #define HAVE_SYS_STAT_H 1
| #define HAVE_STDLIB_H 1
| #define HAVE_STRING_H 1
| #define HAVE_MEMORY_H 1
| #define HAVE_STRINGS_H 1
| #define HAVE_INTTYPES_H 1
| #define HAVE_STDINT_H 1
| #define HAVE_UNISTD_H 1
| #define HAVE_DLFCN_H 1
| #define LT_OBJDIR ".libs/"
| #define MACOS 1
| #define BROKEN_SIOCGIFMTU 1
| #define HAVE__BOOL 1
| #define HAVE_INTTYPES_H 1
| #define HAVE_MATH_H 1
| #define HAVE_PATHS_H 1
| #define HAVE_STDLIB_H 1
| #define HAVE_STRING_H 1
| #define HAVE_STRINGS_H 1
| #define HAVE_UNISTD_H 1
| #define HAVE_WCHAR_H 1
| #define HAVE_SYS_SOCKIO_H 1
| #define HAVE_LIBM 1
| #define HAVE_LIBM 1
| #define HAVE_UUID_UUID_H 1
| #define HAVE_SIGACTION 1
| #define HAVE_STRLCPY 1
| #define HAVE_STRLCAT 1
| #define HAVE_STRERROR 1
| #define HAVE_VSWPRINTF 1
| #define HAVE_WPRINTF 1
| #define HAVE_INET_NTOP 1
| #define HAVE_SNPRINTF
| #define SIZEOF_CHAR 1
| #define SIZEOF_SHORT 2
| #define SIZEOF_INT 4
| #define SIZEOF_LONG_INT 8
| #define SIZEOF_LONG_LONG_INT 8
| #define SIZEOF_UNSIGNED_INT 4
| #define SIZEOF_UNSIGNED_LONG_INT 8
| #define SIZEOF_UNSIGNED_LONG_LONG_INT 8
| #define HAVE_U_INT8_T 1
| #define HAVE_U_INT16_T 1
| #define HAVE_U_INT32_T 1
| #define HAVE_U_INT64_T 1
| #define HAVE_UINT8_T 1
| #define HAVE_UINT16_T 1
| #define HAVE_UINT32_T 1
| #define HAVE_UINT64_T 1
| #define HAVE_INT8_T 1
| #define HAVE_INT16_T 1
| #define HAVE_INT32_T 1
| #define HAVE_INT64_T 1
| /* end confdefs.h.  */
| #include <stdio.h>
| #ifdef HAVE_SYS_TYPES_H
| # include <sys/types.h>
| #endif
| #ifdef HAVE_SYS_STAT_H
| # include <sys/stat.h>
| #endif
| #ifdef STDC_HEADERS
| # include <stdlib.h>
| # include <stddef.h>
| #else
| # ifdef HAVE_STDLIB_H
| #  include <stdlib.h>
| # endif
| #endif
| #ifdef HAVE_STRING_H
| # if !defined STDC_HEADERS && defined HAVE_MEMORY_H
| #  include <memory.h>
| # endif
| # include <string.h>
| #endif
| #ifdef HAVE_STRINGS_H
| # include <strings.h>
| #endif
| #ifdef HAVE_INTTYPES_H
| # include <inttypes.h>
| #endif
| #ifdef HAVE_STDINT_H
| # include <stdint.h>
| #endif
| #ifdef HAVE_UNISTD_H
| # include <unistd.h>
| #endif
| typedef boolean ac__type_new_;
| int
| main ()
| {
| if ((ac__type_new_ *) 0)
|   return 0;
| if (sizeof (ac__type_new_))
|   return 0;
|   ;
|   return 0;
| }
configure:22180: result: no
configure:22194: checking for INADDR_NONE
configure:22231: gcc -o conftest -g -O2   -L/sw/lib conftest.c -lm -lm  >&5
ld: warning: directory not found for option '-L/sw/lib'
configure:22234: $? = 0
configure:22240: ./conftest
configure:22243: $? = 0
configure:22258: result: yes
configure:22291: gcc -c -g -O2  conftest.c >&5
configure:22297: $? = 0
configure:22316: checking for __FUNCTION__
configure:22341: gcc -c -g -O2  conftest.c >&5
configure:22347: $? = 0
configure:22362: result: yes
configure:22496: checking for pcap_datalink in -lpcap
configure:22531: gcc -o conftest -g -O2   -L/sw/lib conftest.c -lpcap  -lm -lm  >&5
ld: warning: directory not found for option '-L/sw/lib'
configure:22537: $? = 0
configure:22555: result: yes
configure:22886: checking for pcap_lex_destroy
configure:22920: gcc -o conftest -g -O2   -L/sw/lib conftest.c -lpcap -lm -lm  >&5
ld: warning: directory not found for option '-L/sw/lib'
configure:22923: $? = 0
configure:22929: ./conftest
configure:22932: $? = 0
configure:22947: result: yes
configure:22957: checking for pcap_lib_version
configure:22981: gcc -o conftest -g -O2   -L/sw/lib conftest.c -lpcap -lm -lm  >&5
ld: warning: directory not found for option '-L/sw/lib'
configure:22987: $? = 0
configure:23004: result: yes
configure:23066: checking pcre.h usability
configure:23083: gcc -c -g -O2  -I/usr/local/Cellar/pcre/8.30/include conftest.c >&5
configure:23089: $? = 0
configure:23103: result: yes
configure:23107: checking pcre.h presence
configure:23122: gcc -E  -I/usr/local/Cellar/pcre/8.30/include conftest.c
configure:23128: $? = 0
configure:23142: result: yes
configure:23170: checking for pcre.h
configure:23178: result: yes
configure:23204: checking for pcre_compile in -lpcre
configure:23239: gcc -o conftest -g -O2  -I/usr/local/Cellar/pcre/8.30/include  -L/sw/lib -L/usr/local/Cellar/pcre/8.30/lib -lpcre conftest.c -lpcre  -lpcap -lm -lm  >&5
ld: warning: directory not found for option '-L/sw/lib'
configure:23245: $? = 0
configure:23263: result: yes
configure:23283: checking for libpcre version 6.0 or greater
configure:23314: gcc -o conftest -g -O2  -I/usr/local/Cellar/pcre/8.30/include  -L/sw/lib -L/usr/local/Cellar/pcre/8.30/lib -lpcre conftest.c -lpcre -lpcap -lm -lm  >&5
ld: warning: directory not found for option '-L/sw/lib'
configure:23320: $? = 0
configure:23347: result: yes
configure:23496: checking dnet.h usability
configure:23513: gcc -c -g -O2  -I/usr/local/Cellar/pcre/8.30/include -DDYNAMIC_PLUGIN -I/usr/local/Cellar/libdnet/1.12/include conftest.c >&5
configure:23519: $? = 0
configure:23533: result: yes
configure:23537: checking dnet.h presence
configure:23552: gcc -E  -I/usr/local/Cellar/pcre/8.30/include -DDYNAMIC_PLUGIN -I/usr/local/Cellar/libdnet/1.12/include conftest.c
configure:23558: $? = 0
configure:23572: result: yes
configure:23600: checking for dnet.h
configure:23608: result: yes
configure:23638: checking dumbnet.h usability
configure:23655: gcc -c -g -O2  -I/usr/local/Cellar/pcre/8.30/include -DDYNAMIC_PLUGIN -I/usr/local/Cellar/libdnet/1.12/include conftest.c >&5
conftest.c:106:21: error: dumbnet.h: No such file or directory
configure:23661: $? = 1
configure: failed program was:
| /* confdefs.h.  */
| #define PACKAGE_NAME ""
| #define PACKAGE_TARNAME ""
| #define PACKAGE_VERSION ""
| #define PACKAGE_STRING ""
| #define PACKAGE_BUGREPORT ""
| #define PACKAGE "snort"
| #define VERSION "2.9.2.2"
| #define STDC_HEADERS 1
| #define HAVE_SYS_TYPES_H 1
| #define HAVE_SYS_STAT_H 1
| #define HAVE_STDLIB_H 1
| #define HAVE_STRING_H 1
| #define HAVE_MEMORY_H 1
| #define HAVE_STRINGS_H 1
| #define HAVE_INTTYPES_H 1
| #define HAVE_STDINT_H 1
| #define HAVE_UNISTD_H 1
| #define HAVE_DLFCN_H 1
| #define LT_OBJDIR ".libs/"
| #define MACOS 1
| #define BROKEN_SIOCGIFMTU 1
| #define HAVE__BOOL 1
| #define HAVE_INTTYPES_H 1
| #define HAVE_MATH_H 1
| #define HAVE_PATHS_H 1
| #define HAVE_STDLIB_H 1
| #define HAVE_STRING_H 1
| #define HAVE_STRINGS_H 1
| #define HAVE_UNISTD_H 1
| #define HAVE_WCHAR_H 1
| #define HAVE_SYS_SOCKIO_H 1
| #define HAVE_LIBM 1
| #define HAVE_LIBM 1
| #define HAVE_UUID_UUID_H 1
| #define HAVE_SIGACTION 1
| #define HAVE_STRLCPY 1
| #define HAVE_STRLCAT 1
| #define HAVE_STRERROR 1
| #define HAVE_VSWPRINTF 1
| #define HAVE_WPRINTF 1
| #define HAVE_INET_NTOP 1
| #define HAVE_SNPRINTF
| #define SIZEOF_CHAR 1
| #define SIZEOF_SHORT 2
| #define SIZEOF_INT 4
| #define SIZEOF_LONG_INT 8
| #define SIZEOF_LONG_LONG_INT 8
| #define SIZEOF_UNSIGNED_INT 4
| #define SIZEOF_UNSIGNED_LONG_INT 8
| #define SIZEOF_UNSIGNED_LONG_LONG_INT 8
| #define HAVE_U_INT8_T 1
| #define HAVE_U_INT16_T 1
| #define HAVE_U_INT32_T 1
| #define HAVE_U_INT64_T 1
| #define HAVE_UINT8_T 1
| #define HAVE_UINT16_T 1
| #define HAVE_UINT32_T 1
| #define HAVE_UINT64_T 1
| #define HAVE_INT8_T 1
| #define HAVE_INT16_T 1
| #define HAVE_INT32_T 1
| #define HAVE_INT64_T 1
| #define ERRLIST_PREDEFINED 1
| #define HAVE___FUNCTION__ 1
| #define HAVE_LIBPCAP 1
| #define HAVE_PCAP_LEX_DESTROY 1
| #define HAVE_PCAP_LIB_VERSION 1
| #define HAVE_PCRE_H 1
| #define HAVE_LIBPCRE 1
| #define HAVE_DNET_H 1
| /* end confdefs.h.  */
| #include <stdio.h>
| #ifdef HAVE_SYS_TYPES_H
| # include <sys/types.h>
| #endif
| #ifdef HAVE_SYS_STAT_H
| # include <sys/stat.h>
| #endif
| #ifdef STDC_HEADERS
| # include <stdlib.h>
| # include <stddef.h>
| #else
| # ifdef HAVE_STDLIB_H
| #  include <stdlib.h>
| # endif
| #endif
| #ifdef HAVE_STRING_H
| # if !defined STDC_HEADERS && defined HAVE_MEMORY_H
| #  include <memory.h>
| # endif
| # include <string.h>
| #endif
| #ifdef HAVE_STRINGS_H
| # include <strings.h>
| #endif
| #ifdef HAVE_INTTYPES_H
| # include <inttypes.h>
| #endif
| #ifdef HAVE_STDINT_H
| # include <stdint.h>
| #endif
| #ifdef HAVE_UNISTD_H
| # include <unistd.h>
| #endif
| #include <dumbnet.h>
configure:23675: result: no
configure:23679: checking dumbnet.h presence
configure:23694: gcc -E  -I/usr/local/Cellar/pcre/8.30/include -DDYNAMIC_PLUGIN -I/usr/local/Cellar/libdnet/1.12/include conftest.c
conftest.c:73:21: error: dumbnet.h: No such file or directory
configure:23700: $? = 1
configure: failed program was:
| /* confdefs.h.  */
| #define PACKAGE_NAME ""
| #define PACKAGE_TARNAME ""
| #define PACKAGE_VERSION ""
| #define PACKAGE_STRING ""
| #define PACKAGE_BUGREPORT ""
| #define PACKAGE "snort"
| #define VERSION "2.9.2.2"
| #define STDC_HEADERS 1
| #define HAVE_SYS_TYPES_H 1
| #define HAVE_SYS_STAT_H 1
| #define HAVE_STDLIB_H 1
| #define HAVE_STRING_H 1
| #define HAVE_MEMORY_H 1
| #define HAVE_STRINGS_H 1
| #define HAVE_INTTYPES_H 1
| #define HAVE_STDINT_H 1
| #define HAVE_UNISTD_H 1
| #define HAVE_DLFCN_H 1
| #define LT_OBJDIR ".libs/"
| #define MACOS 1
| #define BROKEN_SIOCGIFMTU 1
| #define HAVE__BOOL 1
| #define HAVE_INTTYPES_H 1
| #define HAVE_MATH_H 1
| #define HAVE_PATHS_H 1
| #define HAVE_STDLIB_H 1
| #define HAVE_STRING_H 1
| #define HAVE_STRINGS_H 1
| #define HAVE_UNISTD_H 1
| #define HAVE_WCHAR_H 1
| #define HAVE_SYS_SOCKIO_H 1
| #define HAVE_LIBM 1
| #define HAVE_LIBM 1
| #define HAVE_UUID_UUID_H 1
| #define HAVE_SIGACTION 1
| #define HAVE_STRLCPY 1
| #define HAVE_STRLCAT 1
| #define HAVE_STRERROR 1
| #define HAVE_VSWPRINTF 1
| #define HAVE_WPRINTF 1
| #define HAVE_INET_NTOP 1
| #define HAVE_SNPRINTF
| #define SIZEOF_CHAR 1
| #define SIZEOF_SHORT 2
| #define SIZEOF_INT 4
| #define SIZEOF_LONG_INT 8
| #define SIZEOF_LONG_LONG_INT 8
| #define SIZEOF_UNSIGNED_INT 4
| #define SIZEOF_UNSIGNED_LONG_INT 8
| #define SIZEOF_UNSIGNED_LONG_LONG_INT 8
| #define HAVE_U_INT8_T 1
| #define HAVE_U_INT16_T 1
| #define HAVE_U_INT32_T 1
| #define HAVE_U_INT64_T 1
| #define HAVE_UINT8_T 1
| #define HAVE_UINT16_T 1
| #define HAVE_UINT32_T 1
| #define HAVE_UINT64_T 1
| #define HAVE_INT8_T 1
| #define HAVE_INT16_T 1
| #define HAVE_INT32_T 1
| #define HAVE_INT64_T 1
| #define ERRLIST_PREDEFINED 1
| #define HAVE___FUNCTION__ 1
| #define HAVE_LIBPCAP 1
| #define HAVE_PCAP_LEX_DESTROY 1
| #define HAVE_PCAP_LIB_VERSION 1
| #define HAVE_PCRE_H 1
| #define HAVE_LIBPCRE 1
| #define HAVE_DNET_H 1
| /* end confdefs.h.  */
| #include <dumbnet.h>
configure:23714: result: no
configure:23742: checking for dumbnet.h
configure:23750: result: no
configure:23775: checking for eth_set in -ldnet
configure:23810: gcc -o conftest -g -O2  -I/usr/local/Cellar/pcre/8.30/include -DDYNAMIC_PLUGIN -I/usr/local/Cellar/libdnet/1.12/include  -L/sw/lib -L/usr/local/Cellar/pcre/8.30/lib -lpcre -L/usr/local/Cellar/libdnet/1.12/lib -ldnet conftest.c -ldnet  -lpcre -lpcap -lm -lm  >&5
ld: warning: directory not found for option '-L/sw/lib'
configure:23816: $? = 0
configure:23834: result: yes
configure:23848: checking for eth_set in -ldumbnet
configure:23883: gcc -o conftest -g -O2  -I/usr/local/Cellar/pcre/8.30/include -DDYNAMIC_PLUGIN -I/usr/local/Cellar/libdnet/1.12/include  -L/sw/lib -L/usr/local/Cellar/pcre/8.30/lib -lpcre -L/usr/local/Cellar/libdnet/1.12/lib -ldnet conftest.c -ldumbnet  -ldnet -lpcre -lpcap -lm -lm  >&5
ld: warning: directory not found for option '-L/sw/lib'
ld: library not found for -ldumbnet
collect2: ld returned 1 exit status
configure:23889: $? = 1
configure: failed program was:
| /* confdefs.h.  */
| #define PACKAGE_NAME ""
| #define PACKAGE_TARNAME ""
| #define PACKAGE_VERSION ""
| #define PACKAGE_STRING ""
| #define PACKAGE_BUGREPORT ""
| #define PACKAGE "snort"
| #define VERSION "2.9.2.2"
| #define STDC_HEADERS 1
| #define HAVE_SYS_TYPES_H 1
| #define HAVE_SYS_STAT_H 1
| #define HAVE_STDLIB_H 1
| #define HAVE_STRING_H 1
| #define HAVE_MEMORY_H 1
| #define HAVE_STRINGS_H 1
| #define HAVE_INTTYPES_H 1
| #define HAVE_STDINT_H 1
| #define HAVE_UNISTD_H 1
| #define HAVE_DLFCN_H 1
| #define LT_OBJDIR ".libs/"
| #define MACOS 1
| #define BROKEN_SIOCGIFMTU 1
| #define HAVE__BOOL 1
| #define HAVE_INTTYPES_H 1
| #define HAVE_MATH_H 1
| #define HAVE_PATHS_H 1
| #define HAVE_STDLIB_H 1
| #define HAVE_STRING_H 1
| #define HAVE_STRINGS_H 1
| #define HAVE_UNISTD_H 1
| #define HAVE_WCHAR_H 1
| #define HAVE_SYS_SOCKIO_H 1
| #define HAVE_LIBM 1
| #define HAVE_LIBM 1
| #define HAVE_UUID_UUID_H 1
| #define HAVE_SIGACTION 1
| #define HAVE_STRLCPY 1
| #define HAVE_STRLCAT 1
| #define HAVE_STRERROR 1
| #define HAVE_VSWPRINTF 1
| #define HAVE_WPRINTF 1
| #define HAVE_INET_NTOP 1
| #define HAVE_SNPRINTF
| #define SIZEOF_CHAR 1
| #define SIZEOF_SHORT 2
| #define SIZEOF_INT 4
| #define SIZEOF_LONG_INT 8
| #define SIZEOF_LONG_LONG_INT 8
| #define SIZEOF_UNSIGNED_INT 4
| #define SIZEOF_UNSIGNED_LONG_INT 8
| #define SIZEOF_UNSIGNED_LONG_LONG_INT 8
| #define HAVE_U_INT8_T 1
| #define HAVE_U_INT16_T 1
| #define HAVE_U_INT32_T 1
| #define HAVE_U_INT64_T 1
| #define HAVE_UINT8_T 1
| #define HAVE_UINT16_T 1
| #define HAVE_UINT32_T 1
| #define HAVE_UINT64_T 1
| #define HAVE_INT8_T 1
| #define HAVE_INT16_T 1
| #define HAVE_INT32_T 1
| #define HAVE_INT64_T 1
| #define ERRLIST_PREDEFINED 1
| #define HAVE___FUNCTION__ 1
| #define HAVE_LIBPCAP 1
| #define HAVE_PCAP_LEX_DESTROY 1
| #define HAVE_PCAP_LIB_VERSION 1
| #define HAVE_PCRE_H 1
| #define HAVE_LIBPCRE 1
| #define HAVE_DNET_H 1
| #define HAVE_LIBDNET 1
| /* end confdefs.h.  */
| 
| /* Override any GCC internal prototype to avoid an error.
|    Use char because int might match the return type of a GCC
|    builtin and then its argument prototype would still apply.  */
| #ifdef __cplusplus
| extern "C"
| #endif
| char eth_set ();
| int
| main ()
| {
| return eth_set ();
|   ;
|   return 0;
| }
configure:23907: result: no
configure:23967: checking for dlsym in -ldl
configure:24002: gcc -o conftest -g -O2  -I/usr/local/Cellar/pcre/8.30/include -DDYNAMIC_PLUGIN -I/usr/local/Cellar/libdnet/1.12/include  -L/sw/lib -L/usr/local/Cellar/pcre/8.30/lib -lpcre -L/usr/local/Cellar/libdnet/1.12/lib -ldnet conftest.c -ldl  -ldnet -lpcre -lpcap -lm -lm  >&5
ld: warning: directory not found for option '-L/sw/lib'
configure:24008: $? = 0
configure:24026: result: yes
configure:24195: checking for daq_load_modules in -ldaq
configure:24230: gcc -o conftest -g -O2  -I/usr/local/Cellar/pcre/8.30/include -DDYNAMIC_PLUGIN -I/usr/local/Cellar/libdnet/1.12/include  -L/sw/lib -L/usr/local/Cellar/pcre/8.30/lib -lpcre -L/usr/local/Cellar/libdnet/1.12/lib -ldnet conftest.c -ldaq   -ldnet -lpcre -lpcap -lm -lm  -ldl >&5
ld: warning: directory not found for option '-L/sw/lib'
configure:24236: $? = 0
configure:24254: result: yes
configure:24277: checking for daq_hup_apply
configure:24333: gcc -o conftest -g -O2  -I/usr/local/Cellar/pcre/8.30/include -DDYNAMIC_PLUGIN -I/usr/local/Cellar/libdnet/1.12/include  -L/sw/lib -L/usr/local/Cellar/pcre/8.30/lib -lpcre -L/usr/local/Cellar/libdnet/1.12/lib -ldnet conftest.c -ldnet -lpcre -lpcap -lm -lm  -ldl -ldaq >&5
ld: warning: directory not found for option '-L/sw/lib'
Undefined symbols for architecture x86_64:
  "_daq_hup_apply", referenced from:
      _main in ccFFVtvx.o
ld: symbol(s) not found for architecture x86_64
collect2: ld returned 1 exit status
configure:24339: $? = 1
configure: failed program was:
| /* confdefs.h.  */
| #define PACKAGE_NAME ""
| #define PACKAGE_TARNAME ""
| #define PACKAGE_VERSION ""
| #define PACKAGE_STRING ""
| #define PACKAGE_BUGREPORT ""
| #define PACKAGE "snort"
| #define VERSION "2.9.2.2"
| #define STDC_HEADERS 1
| #define HAVE_SYS_TYPES_H 1
| #define HAVE_SYS_STAT_H 1
| #define HAVE_STDLIB_H 1
| #define HAVE_STRING_H 1
| #define HAVE_MEMORY_H 1
| #define HAVE_STRINGS_H 1
| #define HAVE_INTTYPES_H 1
| #define HAVE_STDINT_H 1
| #define HAVE_UNISTD_H 1
| #define HAVE_DLFCN_H 1
| #define LT_OBJDIR ".libs/"
| #define MACOS 1
| #define BROKEN_SIOCGIFMTU 1
| #define HAVE__BOOL 1
| #define HAVE_INTTYPES_H 1
| #define HAVE_MATH_H 1
| #define HAVE_PATHS_H 1
| #define HAVE_STDLIB_H 1
| #define HAVE_STRING_H 1
| #define HAVE_STRINGS_H 1
| #define HAVE_UNISTD_H 1
| #define HAVE_WCHAR_H 1
| #define HAVE_SYS_SOCKIO_H 1
| #define HAVE_LIBM 1
| #define HAVE_LIBM 1
| #define HAVE_UUID_UUID_H 1
| #define HAVE_SIGACTION 1
| #define HAVE_STRLCPY 1
| #define HAVE_STRLCAT 1
| #define HAVE_STRERROR 1
| #define HAVE_VSWPRINTF 1
| #define HAVE_WPRINTF 1
| #define HAVE_INET_NTOP 1
| #define HAVE_SNPRINTF
| #define SIZEOF_CHAR 1
| #define SIZEOF_SHORT 2
| #define SIZEOF_INT 4
| #define SIZEOF_LONG_INT 8
| #define SIZEOF_LONG_LONG_INT 8
| #define SIZEOF_UNSIGNED_INT 4
| #define SIZEOF_UNSIGNED_LONG_INT 8
| #define SIZEOF_UNSIGNED_LONG_LONG_INT 8
| #define HAVE_U_INT8_T 1
| #define HAVE_U_INT16_T 1
| #define HAVE_U_INT32_T 1
| #define HAVE_U_INT64_T 1
| #define HAVE_UINT8_T 1
| #define HAVE_UINT16_T 1
| #define HAVE_UINT32_T 1
| #define HAVE_UINT64_T 1
| #define HAVE_INT8_T 1
| #define HAVE_INT16_T 1
| #define HAVE_INT32_T 1
| #define HAVE_INT64_T 1
| #define ERRLIST_PREDEFINED 1
| #define HAVE___FUNCTION__ 1
| #define HAVE_LIBPCAP 1
| #define HAVE_PCAP_LEX_DESTROY 1
| #define HAVE_PCAP_LIB_VERSION 1
| #define HAVE_PCRE_H 1
| #define HAVE_LIBPCRE 1
| #define HAVE_DNET_H 1
| #define HAVE_LIBDNET 1
| /* end confdefs.h.  */
| /* Define daq_hup_apply to an innocuous variant, in case <limits.h> declares daq_hup_apply.
|    For example, HP-UX 11i <limits.h> declares gettimeofday.  */
| #define daq_hup_apply innocuous_daq_hup_apply
| 
| /* System header to define __stub macros and hopefully few prototypes,
|     which can conflict with char daq_hup_apply (); below.
|     Prefer <limits.h> to <assert.h> if __STDC__ is defined, since
|     <limits.h> exists even on freestanding compilers.  */
| 
| #ifdef __STDC__
| # include <limits.h>
| #else
| # include <assert.h>
| #endif
| 
| #undef daq_hup_apply
| 
| /* Override any GCC internal prototype to avoid an error.
|    Use char because int might match the return type of a GCC
|    builtin and then its argument prototype would still apply.  */
| #ifdef __cplusplus
| extern "C"
| #endif
| char daq_hup_apply ();
| /* The GNU C library defines this for functions which it implements
|     to always fail with ENOSYS.  Some functions are actually named
|     something starting with __ and the normal name is an alias.  */
| #if defined __stub_daq_hup_apply || defined __stub___daq_hup_apply
| choke me
| #endif
| 
| int
| main ()
| {
| return daq_hup_apply ();
|   ;
|   return 0;
| }
configure:24357: result: no
configure:24277: checking for daq_acquire_with_meta
configure:24333: gcc -o conftest -g -O2  -I/usr/local/Cellar/pcre/8.30/include -DDYNAMIC_PLUGIN -I/usr/local/Cellar/libdnet/1.12/include  -L/sw/lib -L/usr/local/Cellar/pcre/8.30/lib -lpcre -L/usr/local/Cellar/libdnet/1.12/lib -ldnet conftest.c -ldnet -lpcre -lpcap -lm -lm  -ldl -ldaq >&5
ld: warning: directory not found for option '-L/sw/lib'
Undefined symbols for architecture x86_64:
  "_daq_acquire_with_meta", referenced from:
      _main in ccd6sTyZ.o
ld: symbol(s) not found for architecture x86_64
collect2: ld returned 1 exit status
configure:24339: $? = 1
configure: failed program was:
| /* confdefs.h.  */
| #define PACKAGE_NAME ""
| #define PACKAGE_TARNAME ""
| #define PACKAGE_VERSION ""
| #define PACKAGE_STRING ""
| #define PACKAGE_BUGREPORT ""
| #define PACKAGE "snort"
| #define VERSION "2.9.2.2"
| #define STDC_HEADERS 1
| #define HAVE_SYS_TYPES_H 1
| #define HAVE_SYS_STAT_H 1
| #define HAVE_STDLIB_H 1
| #define HAVE_STRING_H 1
| #define HAVE_MEMORY_H 1
| #define HAVE_STRINGS_H 1
| #define HAVE_INTTYPES_H 1
| #define HAVE_STDINT_H 1
| #define HAVE_UNISTD_H 1
| #define HAVE_DLFCN_H 1
| #define LT_OBJDIR ".libs/"
| #define MACOS 1
| #define BROKEN_SIOCGIFMTU 1
| #define HAVE__BOOL 1
| #define HAVE_INTTYPES_H 1
| #define HAVE_MATH_H 1
| #define HAVE_PATHS_H 1
| #define HAVE_STDLIB_H 1
| #define HAVE_STRING_H 1
| #define HAVE_STRINGS_H 1
| #define HAVE_UNISTD_H 1
| #define HAVE_WCHAR_H 1
| #define HAVE_SYS_SOCKIO_H 1
| #define HAVE_LIBM 1
| #define HAVE_LIBM 1
| #define HAVE_UUID_UUID_H 1
| #define HAVE_SIGACTION 1
| #define HAVE_STRLCPY 1
| #define HAVE_STRLCAT 1
| #define HAVE_STRERROR 1
| #define HAVE_VSWPRINTF 1
| #define HAVE_WPRINTF 1
| #define HAVE_INET_NTOP 1
| #define HAVE_SNPRINTF
| #define SIZEOF_CHAR 1
| #define SIZEOF_SHORT 2
| #define SIZEOF_INT 4
| #define SIZEOF_LONG_INT 8
| #define SIZEOF_LONG_LONG_INT 8
| #define SIZEOF_UNSIGNED_INT 4
| #define SIZEOF_UNSIGNED_LONG_INT 8
| #define SIZEOF_UNSIGNED_LONG_LONG_INT 8
| #define HAVE_U_INT8_T 1
| #define HAVE_U_INT16_T 1
| #define HAVE_U_INT32_T 1
| #define HAVE_U_INT64_T 1
| #define HAVE_UINT8_T 1
| #define HAVE_UINT16_T 1
| #define HAVE_UINT32_T 1
| #define HAVE_UINT64_T 1
| #define HAVE_INT8_T 1
| #define HAVE_INT16_T 1
| #define HAVE_INT32_T 1
| #define HAVE_INT64_T 1
| #define ERRLIST_PREDEFINED 1
| #define HAVE___FUNCTION__ 1
| #define HAVE_LIBPCAP 1
| #define HAVE_PCAP_LEX_DESTROY 1
| #define HAVE_PCAP_LIB_VERSION 1
| #define HAVE_PCRE_H 1
| #define HAVE_LIBPCRE 1
| #define HAVE_DNET_H 1
| #define HAVE_LIBDNET 1
| /* end confdefs.h.  */
| /* Define daq_acquire_with_meta to an innocuous variant, in case <limits.h> declares daq_acquire_with_meta.
|    For example, HP-UX 11i <limits.h> declares gettimeofday.  */
| #define daq_acquire_with_meta innocuous_daq_acquire_with_meta
| 
| /* System header to define __stub macros and hopefully few prototypes,
|     which can conflict with char daq_acquire_with_meta (); below.
|     Prefer <limits.h> to <assert.h> if __STDC__ is defined, since
|     <limits.h> exists even on freestanding compilers.  */
| 
| #ifdef __STDC__
| # include <limits.h>
| #else
| # include <assert.h>
| #endif
| 
| #undef daq_acquire_with_meta
| 
| /* Override any GCC internal prototype to avoid an error.
|    Use char because int might match the return type of a GCC
|    builtin and then its argument prototype would still apply.  */
| #ifdef __cplusplus
| extern "C"
| #endif
| char daq_acquire_with_meta ();
| /* The GNU C library defines this for functions which it implements
|     to always fail with ENOSYS.  Some functions are actually named
|     something starting with __ and the normal name is an alias.  */
| #if defined __stub_daq_acquire_with_meta || defined __stub___daq_acquire_with_meta
| choke me
| #endif
| 
| int
| main ()
| {
| return daq_acquire_with_meta ();
|   ;
|   return 0;
| }
configure:24357: result: no
configure:24369: checking for sparc
configure:24385: result: no
configure:24470: checking for visibility support
configure:24505: gcc -c -g -O2 -Werror -fvisibility=hidden  -I/usr/local/Cellar/pcre/8.30/include -DDYNAMIC_PLUGIN -I/usr/local/Cellar/libdnet/1.12/include conftest.c >&5
configure:24511: $? = 0
configure:24528: result: yes
configure:24631: checking zlib.h usability
configure:24648: gcc -c -g -O2  -I/usr/local/Cellar/pcre/8.30/include -DDYNAMIC_PLUGIN -I/usr/local/Cellar/libdnet/1.12/include conftest.c >&5
configure:24654: $? = 0
configure:24668: result: yes
configure:24672: checking zlib.h presence
configure:24687: gcc -E  -I/usr/local/Cellar/pcre/8.30/include -DDYNAMIC_PLUGIN -I/usr/local/Cellar/libdnet/1.12/include conftest.c
configure:24693: $? = 0
configure:24707: result: yes
configure:24735: checking for zlib.h
configure:24743: result: yes
configure:24767: checking for inflate in -lz
configure:24802: gcc -o conftest -g -O2  -I/usr/local/Cellar/pcre/8.30/include -DDYNAMIC_PLUGIN -I/usr/local/Cellar/libdnet/1.12/include  -L/sw/lib -L/usr/local/Cellar/pcre/8.30/lib -lpcre -L/usr/local/Cellar/libdnet/1.12/lib -ldnet conftest.c -lz  -ldnet -lpcre -lpcap -lm -lm  -ldl -ldaq >&5
ld: warning: directory not found for option '-L/sw/lib'
configure:24808: $? = 0
configure:24826: result: yes
configure:26803: checking for yylex_destroy support
configure:26837: result: yes
configure:26891: checking for a BSD-compatible install
configure:26947: result: /usr/bin/install -c
configure:27200: creating ./config.status

## ---------------------- ##
## Running config.status. ##
## ---------------------- ##

This file was extended by config.status, which was
generated by GNU Autoconf 2.61.  Invocation command line was

  CONFIG_FILES    = 
  CONFIG_HEADERS  = 
  CONFIG_LINKS    = 
  CONFIG_COMMANDS = 
  $ ./config.status 

on mba-obana

config.status:1028: creating snort.pc
config.status:1028: creating Makefile
config.status:1028: creating src/Makefile
config.status:1028: creating src/sfutil/Makefile
config.status:1028: creating src/control/Makefile
config.status:1028: creating src/detection-plugins/Makefile
config.status:1028: creating src/dynamic-examples/Makefile
config.status:1028: creating src/dynamic-examples/dynamic-preprocessor/Makefile
config.status:1028: creating src/dynamic-examples/dynamic-rule/Makefile
config.status:1028: creating src/dynamic-plugins/Makefile
config.status:1028: creating src/dynamic-plugins/sf_engine/Makefile
config.status:1028: creating src/dynamic-plugins/sf_engine/examples/Makefile
config.status:1028: creating src/dynamic-plugins/sf_preproc_example/Makefile
config.status:1028: creating src/dynamic-preprocessors/Makefile
config.status:1028: creating src/dynamic-preprocessors/libs/Makefile
config.status:1028: creating src/dynamic-preprocessors/libs/snort_preproc.pc
config.status:1028: creating src/dynamic-preprocessors/ftptelnet/Makefile
config.status:1028: creating src/dynamic-preprocessors/smtp/Makefile
config.status:1028: creating src/dynamic-preprocessors/ssh/Makefile
config.status:1028: creating src/dynamic-preprocessors/sip/Makefile
config.status:1028: creating src/dynamic-preprocessors/reputation/Makefile
config.status:1028: creating src/dynamic-preprocessors/gtp/Makefile
config.status:1028: creating src/dynamic-preprocessors/dcerpc2/Makefile
config.status:1028: creating src/dynamic-preprocessors/pop/Makefile
config.status:1028: creating src/dynamic-preprocessors/imap/Makefile
config.status:1028: creating src/dynamic-preprocessors/sdf/Makefile
config.status:1028: creating src/dynamic-preprocessors/dns/Makefile
config.status:1028: creating src/dynamic-preprocessors/ssl/Makefile
config.status:1028: creating src/dynamic-preprocessors/modbus/Makefile
config.status:1028: creating src/dynamic-preprocessors/dnp3/Makefile
config.status:1028: creating src/dynamic-preprocessors/rzb_saac/Makefile
config.status:1028: creating src/output-plugins/Makefile
config.status:1028: creating src/preprocessors/Makefile
config.status:1028: creating src/preprocessors/HttpInspect/Makefile
config.status:1028: creating src/preprocessors/HttpInspect/include/Makefile
config.status:1028: creating src/preprocessors/HttpInspect/utils/Makefile
config.status:1028: creating src/preprocessors/HttpInspect/anomaly_detection/Makefile
config.status:1028: creating src/preprocessors/HttpInspect/client/Makefile
config.status:1028: creating src/preprocessors/HttpInspect/event_output/Makefile
config.status:1028: creating src/preprocessors/HttpInspect/mode_inspection/Makefile
config.status:1028: creating src/preprocessors/HttpInspect/normalization/Makefile
config.status:1028: creating src/preprocessors/HttpInspect/server/Makefile
config.status:1028: creating src/preprocessors/HttpInspect/session_inspection/Makefile
config.status:1028: creating src/preprocessors/HttpInspect/user_interface/Makefile
config.status:1028: creating src/preprocessors/Stream5/Makefile
config.status:1028: creating src/parser/Makefile
config.status:1028: creating src/target-based/Makefile
config.status:1028: creating doc/Makefile
config.status:1028: creating contrib/Makefile
config.status:1028: creating rpm/Makefile
config.status:1028: creating preproc_rules/Makefile
config.status:1028: creating m4/Makefile
config.status:1028: creating etc/Makefile
config.status:1028: creating schemas/Makefile
config.status:1028: creating templates/Makefile
config.status:1028: creating tools/Makefile
config.status:1028: creating tools/control/Makefile
config.status:1028: creating tools/u2boat/Makefile
config.status:1028: creating tools/u2spewfoo/Makefile
config.status:1028: creating src/win32/Makefile
config.status:1028: creating config.h
config.status:1319: config.h is unchanged
config.status:1365: executing depfiles commands
config.status:1365: executing libtool commands

## ---------------- ##
## Cache variables. ##
## ---------------- ##

ac_cv_build=x86_64-apple-darwin11.4.0
ac_cv_c_bigendian=no
ac_cv_c_compiler_gnu=yes
ac_cv_c_inline=inline
ac_cv_cxx_compiler_gnu=yes
ac_cv_env_CCC_set=
ac_cv_env_CCC_value=
ac_cv_env_CC_set=
ac_cv_env_CC_value=
ac_cv_env_CFLAGS_set=
ac_cv_env_CFLAGS_value=
ac_cv_env_CPPFLAGS_set=
ac_cv_env_CPPFLAGS_value=
ac_cv_env_CPP_set=
ac_cv_env_CPP_value=
ac_cv_env_CXXCPP_set=
ac_cv_env_CXXCPP_value=
ac_cv_env_CXXFLAGS_set=
ac_cv_env_CXXFLAGS_value=
ac_cv_env_CXX_set=
ac_cv_env_CXX_value=
ac_cv_env_LDFLAGS_set=
ac_cv_env_LDFLAGS_value=
ac_cv_env_LIBS_set=
ac_cv_env_LIBS_value=
ac_cv_env_PKG_CONFIG_LIBDIR_set=
ac_cv_env_PKG_CONFIG_LIBDIR_value=
ac_cv_env_PKG_CONFIG_PATH_set=
ac_cv_env_PKG_CONFIG_PATH_value=
ac_cv_env_PKG_CONFIG_set=
ac_cv_env_PKG_CONFIG_value=
ac_cv_env_RAZORBACK_CFLAGS_set=
ac_cv_env_RAZORBACK_CFLAGS_value=
ac_cv_env_RAZORBACK_LIBS_set=
ac_cv_env_RAZORBACK_LIBS_value=
ac_cv_env_SIGNAL_SNORT_DUMP_STATS_set=
ac_cv_env_SIGNAL_SNORT_DUMP_STATS_value=
ac_cv_env_SIGNAL_SNORT_READ_ATTR_TBL_set=
ac_cv_env_SIGNAL_SNORT_READ_ATTR_TBL_value=
ac_cv_env_SIGNAL_SNORT_RELOAD_set=
ac_cv_env_SIGNAL_SNORT_RELOAD_value=
ac_cv_env_SIGNAL_SNORT_ROTATE_STATS_set=
ac_cv_env_SIGNAL_SNORT_ROTATE_STATS_value=
ac_cv_env_build_alias_set=
ac_cv_env_build_alias_value=
ac_cv_env_host_alias_set=
ac_cv_env_host_alias_value=
ac_cv_env_target_alias_set=
ac_cv_env_target_alias_value=
ac_cv_func_daq_acquire_with_meta=no
ac_cv_func_daq_hup_apply=no
ac_cv_func_inet_ntop=yes
ac_cv_func_memrchr=no
ac_cv_func_sigaction=yes
ac_cv_func_snprintf=yes
ac_cv_func_strerror=yes
ac_cv_func_strlcat=yes
ac_cv_func_strlcpy=yes
ac_cv_func_vswprintf=yes
ac_cv_func_wprintf=yes
ac_cv_header_dlfcn_h=yes
ac_cv_header_dnet_h=yes
ac_cv_header_dumbnet_h=no
ac_cv_header_inttypes_h=yes
ac_cv_header_math_h=yes
ac_cv_header_memory_h=yes
ac_cv_header_paths_h=yes
ac_cv_header_pcre_h=yes
ac_cv_header_stdbool_h=no
ac_cv_header_stdc=yes
ac_cv_header_stdint_h=yes
ac_cv_header_stdlib_h=yes
ac_cv_header_string_h=yes
ac_cv_header_strings_h=yes
ac_cv_header_sys_sockio_h=yes
ac_cv_header_sys_stat_h=yes
ac_cv_header_sys_types_h=yes
ac_cv_header_unistd_h=yes
ac_cv_header_uuid_uuid_h=yes
ac_cv_header_wchar_h=yes
ac_cv_header_zlib_h=yes
ac_cv_host=x86_64-apple-darwin11.4.0
ac_cv_lib_daq_daq_load_modules=yes
ac_cv_lib_dl_dlsym=yes
ac_cv_lib_dnet_eth_set=yes
ac_cv_lib_dumbnet_eth_set=no
ac_cv_lib_m_ceil=yes
ac_cv_lib_m_floor=yes
ac_cv_lib_nsl_inet_ntoa=no
ac_cv_lib_pcap_pcap_datalink=yes
ac_cv_lib_pcre_pcre_compile=yes
ac_cv_lib_socket_socket=no
ac_cv_lib_uuid_uuid_parse=no
ac_cv_lib_z_inflate=yes
ac_cv_objext=o
ac_cv_path_EGREP='/usr/bin/grep -E'
ac_cv_path_FGREP='/usr/bin/grep -F'
ac_cv_path_GREP=/usr/bin/grep
ac_cv_path_SED=/usr/bin/sed
ac_cv_path_install='/usr/bin/install -c'
ac_cv_prog_AWK=awk
ac_cv_prog_CPP='gcc -E'
ac_cv_prog_CXXCPP='g++ -E'
ac_cv_prog_LEX=flex
ac_cv_prog_YACC=bison
ac_cv_prog_ac_ct_AR=ar
ac_cv_prog_ac_ct_CC=gcc
ac_cv_prog_ac_ct_CXX=g++
ac_cv_prog_ac_ct_DSYMUTIL=dsymutil
ac_cv_prog_ac_ct_LIPO=lipo
ac_cv_prog_ac_ct_NMEDIT=nmedit
ac_cv_prog_ac_ct_OTOOL=otool
ac_cv_prog_ac_ct_RANLIB=ranlib
ac_cv_prog_ac_ct_STRIP=strip
ac_cv_prog_cc_c89=
ac_cv_prog_cc_c99=-std=gnu99
ac_cv_prog_cc_g=yes
ac_cv_prog_cc_stdc=-std=gnu99
ac_cv_prog_cxx_g=yes
ac_cv_prog_make_make_set=yes
ac_cv_sizeof_char=1
ac_cv_sizeof_int=4
ac_cv_sizeof_long_int=8
ac_cv_sizeof_long_long_int=8
ac_cv_sizeof_short=2
ac_cv_sizeof_unsigned_int=4
ac_cv_sizeof_unsigned_long_int=8
ac_cv_sizeof_unsigned_long_long_int=8
ac_cv_type__Bool=yes
ac_cv_type_boolean=no
ac_cv_type_char=yes
ac_cv_type_int16_t=yes
ac_cv_type_int32_t=yes
ac_cv_type_int64_t=yes
ac_cv_type_int8_t=yes
ac_cv_type_int=yes
ac_cv_type_long_int=yes
ac_cv_type_long_long_int=yes
ac_cv_type_short=yes
ac_cv_type_u_int16_t=yes
ac_cv_type_u_int32_t=yes
ac_cv_type_u_int64_t=yes
ac_cv_type_u_int8_t=yes
ac_cv_type_uint16_t=yes
ac_cv_type_uint32_t=yes
ac_cv_type_uint64_t=yes
ac_cv_type_uint8_t=yes
ac_cv_type_unsigned_int=yes
ac_cv_type_unsigned_long_int=yes
ac_cv_type_unsigned_long_long_int=yes
am_cv_CC_dependencies_compiler_type=gcc3
am_cv_CXX_dependencies_compiler_type=gcc3
gl_cv_cc_visibility=yes
lt_cv_apple_cc_single_mod=yes
lt_cv_deplibs_check_method=pass_all
lt_cv_file_magic_cmd='$MAGIC_CMD'
lt_cv_file_magic_test_file=
lt_cv_ld_exported_symbols_list=yes
lt_cv_ld_force_load=yes
lt_cv_ld_reload_flag=-r
lt_cv_nm_interface='BSD nm'
lt_cv_objdir=.libs
lt_cv_path_LD=/usr/llvm-gcc-4.2/libexec/gcc/i686-apple-darwin11/4.2.1/ld
lt_cv_path_LDCXX=/usr/llvm-gcc-4.2/libexec/gcc/i686-apple-darwin11/4.2.1/ld
lt_cv_path_NM=/usr/bin/nm
lt_cv_prog_compiler_c_o=yes
lt_cv_prog_compiler_c_o_CXX=yes
lt_cv_prog_compiler_pic_works=yes
lt_cv_prog_compiler_pic_works_CXX=yes
lt_cv_prog_compiler_rtti_exceptions=no
lt_cv_prog_compiler_static_works=no
lt_cv_prog_compiler_static_works_CXX=no
lt_cv_prog_gnu_ld=no
lt_cv_prog_gnu_ldcxx=no
lt_cv_sys_global_symbol_pipe='sed -n -e '\''s/^.*[	 ]\([BCDEGRST][BCDEGRST]*\)[	 ][	 ]*_\([_A-Za-z][_A-Za-z0-9]*\)$/\1 _\2 \2/p'\'''
lt_cv_sys_global_symbol_to_c_name_address='sed -n -e '\''s/^: \([^ ]*\) $/  {\"\1\", (void *) 0},/p'\'' -e '\''s/^[BCDEGRST]* \([^ ]*\) \([^ ]*\)$/  {"\2", (void *) \&\2},/p'\'''
lt_cv_sys_global_symbol_to_c_name_address_lib_prefix='sed -n -e '\''s/^: \([^ ]*\) $/  {\"\1\", (void *) 0},/p'\'' -e '\''s/^[BCDEGRST]* \([^ ]*\) \(lib[^ ]*\)$/  {"\2", (void *) \&\2},/p'\'' -e '\''s/^[BCDEGRST]* \([^ ]*\) \([^ ]*\)$/  {"lib\2", (void *) \&\2},/p'\'''
lt_cv_sys_global_symbol_to_cdecl='sed -n -e '\''s/^T .* \(.*\)$/extern int \1();/p'\'' -e '\''s/^[BCDEGRST]* .* \(.*\)$/extern char \1;/p'\'''
lt_cv_sys_max_cmd_len=196608
sn_cv_decl_needed_bcopy=no
sn_cv_decl_needed_bzero=no
sn_cv_decl_needed_fclose=no
sn_cv_decl_needed_fflush=no
sn_cv_decl_needed_fopen=no
sn_cv_decl_needed_fprintf=no
sn_cv_decl_needed_fputc=no
sn_cv_decl_needed_fputs=no
sn_cv_decl_needed_fwrite=no
sn_cv_decl_needed_getopt=no
sn_cv_decl_needed_memset=no
sn_cv_decl_needed_perror=no
sn_cv_decl_needed_printf=no
sn_cv_decl_needed_puts=no
sn_cv_decl_needed_sendto=no
sn_cv_decl_needed_snprintf=no
sn_cv_decl_needed_socket=no
sn_cv_decl_needed_strcasecmp=no
sn_cv_decl_needed_strerror=no
sn_cv_decl_needed_strncasecmp=no
sn_cv_decl_needed_strtol=no
sn_cv_decl_needed_strtoul=no
sn_cv_decl_needed_syslog=no
sn_cv_decl_needed_vsnprintf=no
sn_cv_have___FUNCTION__=yes

## ----------------- ##
## Output variables. ##
## ----------------- ##

ACLOCAL='${SHELL} /Users/obana/source/workspace/snort-2.9.2.2/missing --run aclocal-1.10'
AMDEPBACKSLASH='\'
AMDEP_FALSE='#'
AMDEP_TRUE=''
AMTAR='${SHELL} /Users/obana/source/workspace/snort-2.9.2.2/missing --run tar'
AR='ar'
AUTOCONF='${SHELL} /Users/obana/source/workspace/snort-2.9.2.2/missing --run autoconf'
AUTOHEADER='${SHELL} /Users/obana/source/workspace/snort-2.9.2.2/missing --run autoheader'
AUTOMAKE='${SHELL} /Users/obana/source/workspace/snort-2.9.2.2/missing --run automake-1.10'
AWK='awk'
BUILD_CONTROL_SOCKET_FALSE=''
BUILD_CONTROL_SOCKET_TRUE='#'
BUILD_DYNAMIC_EXAMPLES_FALSE=''
BUILD_DYNAMIC_EXAMPLES_TRUE='#'
BUILD_PRELUDE_FALSE=''
BUILD_PRELUDE_TRUE='#'
BUILD_PROCPIDSTATS_FALSE=''
BUILD_PROCPIDSTATS_TRUE='#'
BUILD_REACT_FALSE='#'
BUILD_REACT_TRUE=''
BUILD_RESPOND3_FALSE='#'
BUILD_RESPOND3_TRUE=''
BUILD_SNPRINTF_FALSE=''
BUILD_SNPRINTF_TRUE='#'
CC='gcc'
CCDEPMODE='depmode=gcc3'
CCONFIGFLAGS=' -DSF_VISIBILITY -fvisibility=hidden'
CFLAGS='-g -O2 -DSF_VISIBILITY -fvisibility=hidden -fno-strict-aliasing -Wall'
CONFIGFLAGS=' -DSF_WCHAR -DSUP_IP6 -DTARGET_BASED -DPERF_PROFILING -DSNORT_RELOAD -DNORMALIZER -DACTIVE_RESPONSE'
CPP='gcc -E'
CPPFLAGS='-I/usr/local/Cellar/pcre/8.30/include -DDYNAMIC_PLUGIN -I/usr/local/Cellar/libdnet/1.12/include -DZLIB -DGRE -DMPLS -DPREPROCESSOR_AND_DECODER_RULE_EVENTS -DPPM_MGR -DENABLE_PAF -DENABLE_REACT -DENABLE_RESPOND -DENABLE_RESPONSE3 -DSF_WCHAR -DSUP_IP6 -DTARGET_BASED -DPERF_PROFILING -DSNORT_RELOAD -DNORMALIZER -DACTIVE_RESPONSE'
CXX='g++'
CXXCPP='g++ -E'
CXXDEPMODE='depmode=gcc3'
CXXFLAGS='-g -O2'
CYGPATH_W='echo'
DEFS='-DHAVE_CONFIG_H'
DEPDIR='.deps'
DSYMUTIL='dsymutil'
DUMPBIN=''
ECHO_C='ECHO_N=''
ECHO_T=''
EGREP='/usr/bin/grep -E'
EXEEXT=''
FGREP='/usr/bin/grep -F'
GREP='/usr/bin/grep'
HAVE_DYNAMIC_PLUGINS_FALSE='#'
HAVE_DYNAMIC_PLUGINS_TRUE=''
HAVE_INTEL_SOFT_CPM_FALSE=''
HAVE_INTEL_SOFT_CPM_TRUE='#'
HAVE_SHARED_REP_FALSE=''
HAVE_SHARED_REP_TRUE='#'
HAVE_SUP_IP6_FALSE='#'
HAVE_SUP_IP6_TRUE=''
HAVE_TARGET_BASED_FALSE='#'
HAVE_TARGET_BASED_TRUE=''
HAVE_ZLIB_FALSE='#'
HAVE_ZLIB_TRUE=''
ICONFIGFLAGS=''
INCLUDES='-I$(top_srcdir) -I$(top_srcdir)/src -I$(top_srcdir)/src/sfutil $(extra_incl) -I$(top_srcdir)/src/output-plugins -I$(top_srcdir)/src/detection-plugins -I$(top_srcdir)/src/dynamic-plugins -I$(top_srcdir)/src/preprocessors -I$(top_srcdir)/src/preprocessors/portscan -I$(top_srcdir)/src/preprocessors/HttpInspect/include -I$(top_srcdir)/src/preprocessors/Stream5 -I$(top_srcdir)/src/target-based -I$(top_srcdir)/src/control'
INSTALL_DATA='${INSTALL} -m 644'
INSTALL_PROGRAM='${INSTALL}'
INSTALL_SCRIPT='${INSTALL}'
INSTALL_STRIP_PROGRAM='$(install_sh) -c -s'
LD='/usr/llvm-gcc-4.2/libexec/gcc/i686-apple-darwin11/4.2.1/ld'
LDFLAGS=' -L/sw/lib -L/usr/local/Cellar/pcre/8.30/lib -lpcre -L/usr/local/Cellar/libdnet/1.12/lib -ldnet'
LEX='flex'
LIBOBJS=''
LIBPRELUDE_CFLAGS=''
LIBPRELUDE_CONFIG=''
LIBPRELUDE_CONFIG_PREFIX=''
LIBPRELUDE_LDFLAGS=''
LIBPRELUDE_LIBS=''
LIBPRELUDE_PREFIX=''
LIBPRELUDE_PTHREAD_CFLAGS=''
LIBS='-lz -ldnet -lpcre -lpcap -lm -lm  -ldl -ldaq -lz -lpthread -lpthread -lpthread'
LIBTOOL='$(SHELL) $(top_builddir)/libtool'
LIPO='lipo'
LN_S='ln -s'
LTLIBOBJS=''
MAINT='#'
MAINTAINER_MODE_FALSE=''
MAINTAINER_MODE_TRUE='#'
MAKEINFO='${SHELL} /Users/obana/source/workspace/snort-2.9.2.2/missing --run makeinfo'
NM='/usr/bin/nm'
NMEDIT='nmedit'
OBJDUMP='false'
OBJEXT='o'
OTOOL64=':'
OTOOL='otool'
PACKAGE='snort'
PACKAGE_BUGREPORT=''
PACKAGE_NAME=''
PACKAGE_STRING=''
PACKAGE_TARNAME=''
PACKAGE_VERSION=''
PATH_SEPARATOR=':'
PKG_CONFIG=''
PKG_CONFIG_LIBDIR=''
PKG_CONFIG_PATH='/usr/local/lib/pkgconfig:'
RANLIB='ranlib'
RAZORBACK_CFLAGS=''
RAZORBACK_LIBS=''
SED='/usr/bin/sed'
SET_MAKE=''
SHELL='/bin/sh'
SIGNAL_SNORT_DUMP_STATS=''
SIGNAL_SNORT_READ_ATTR_TBL=''
SIGNAL_SNORT_RELOAD=''
SIGNAL_SNORT_ROTATE_STATS=''
SO_WITH_STATIC_LIB_FALSE='#'
SO_WITH_STATIC_LIB_TRUE=''
STRIP='strip'
VERSION='2.9.2.2'
WANT_SF_SAAC_FALSE=''
WANT_SF_SAAC_TRUE='#'
XCCFLAGS=''
YACC='bison -y'
ac_ct_CC='gcc'
ac_ct_CXX='g++'
ac_ct_DUMPBIN=''
am__fastdepCC_FALSE='#'
am__fastdepCC_TRUE=''
am__fastdepCXX_FALSE='#'
am__fastdepCXX_TRUE=''
am__include='include'
am__isrc=''
am__leading_dot='.'
am__quote=''
am__tar='${AMTAR} chof - "$$tardir"'
am__untar='${AMTAR} xf -'
bindir='${exec_prefix}/bin'
build='x86_64-apple-darwin11.4.0'
build_alias=''
build_cpu='x86_64'
build_os='darwin11.4.0'
build_vendor='apple'
datadir='${datarootdir}'
datarootdir='${prefix}/share'
docdir='${datarootdir}/doc/${PACKAGE}'
dvidir='${docdir}'
exec_prefix='${prefix}'
extra_incl='-I/sw/include'
host='x86_64-apple-darwin11.4.0'
host_alias=''
host_cpu='x86_64'
host_os='darwin11.4.0'
host_vendor='apple'
htmldir='${docdir}'
includedir='${prefix}/include'
infodir='${datarootdir}/info'
install_sh='$(SHELL) /Users/obana/source/workspace/snort-2.9.2.2/install-sh'
libdir='${exec_prefix}/lib'
libexecdir='${exec_prefix}/libexec'
localedir='${datarootdir}/locale'
localstatedir='${prefix}/var'
mandir='${datarootdir}/man'
mkdir_p='$(top_builddir)/./install-sh -c -d'
oldincludedir='/usr/include'
pdfdir='${docdir}'
prefix='/usr/local'
program_transform_name='s,x,x,'
psdir='${docdir}'
sbindir='${exec_prefix}/sbin'
sharedstatedir='${prefix}/com'
sysconfdir='${prefix}/etc'
target_alias=''

## ----------- ##
## confdefs.h. ##
## ----------- ##

#define PACKAGE_NAME ""
#define PACKAGE_TARNAME ""
#define PACKAGE_VERSION ""
#define PACKAGE_STRING ""
#define PACKAGE_BUGREPORT ""
#define PACKAGE "snort"
#define VERSION "2.9.2.2"
#define STDC_HEADERS 1
#define HAVE_SYS_TYPES_H 1
#define HAVE_SYS_STAT_H 1
#define HAVE_STDLIB_H 1
#define HAVE_STRING_H 1
#define HAVE_MEMORY_H 1
#define HAVE_STRINGS_H 1
#define HAVE_INTTYPES_H 1
#define HAVE_STDINT_H 1
#define HAVE_UNISTD_H 1
#define HAVE_DLFCN_H 1
#define LT_OBJDIR ".libs/"
#define MACOS 1
#define BROKEN_SIOCGIFMTU 1
#define HAVE__BOOL 1
#define HAVE_INTTYPES_H 1
#define HAVE_MATH_H 1
#define HAVE_PATHS_H 1
#define HAVE_STDLIB_H 1
#define HAVE_STRING_H 1
#define HAVE_STRINGS_H 1
#define HAVE_UNISTD_H 1
#define HAVE_WCHAR_H 1
#define HAVE_SYS_SOCKIO_H 1
#define HAVE_LIBM 1
#define HAVE_LIBM 1
#define HAVE_UUID_UUID_H 1
#define HAVE_SIGACTION 1
#define HAVE_STRLCPY 1
#define HAVE_STRLCAT 1
#define HAVE_STRERROR 1
#define HAVE_VSWPRINTF 1
#define HAVE_WPRINTF 1
#define HAVE_INET_NTOP 1
#define HAVE_SNPRINTF
#define SIZEOF_CHAR 1
#define SIZEOF_SHORT 2
#define SIZEOF_INT 4
#define SIZEOF_LONG_INT 8
#define SIZEOF_LONG_LONG_INT 8
#define SIZEOF_UNSIGNED_INT 4
#define SIZEOF_UNSIGNED_LONG_INT 8
#define SIZEOF_UNSIGNED_LONG_LONG_INT 8
#define HAVE_U_INT8_T 1
#define HAVE_U_INT16_T 1
#define HAVE_U_INT32_T 1
#define HAVE_U_INT64_T 1
#define HAVE_UINT8_T 1
#define HAVE_UINT16_T 1
#define HAVE_UINT32_T 1
#define HAVE_UINT64_T 1
#define HAVE_INT8_T 1
#define HAVE_INT16_T 1
#define HAVE_INT32_T 1
#define HAVE_INT64_T 1
#define ERRLIST_PREDEFINED 1
#define HAVE___FUNCTION__ 1
#define HAVE_LIBPCAP 1
#define HAVE_PCAP_LEX_DESTROY 1
#define HAVE_PCAP_LIB_VERSION 1
#define HAVE_PCRE_H 1
#define HAVE_LIBPCRE 1
#define HAVE_DNET_H 1
#define HAVE_LIBDNET 1
#define HAVE_VISIBILITY 1
#define HAVE_ZLIB_H 1
#define HAVE_LIBZ 1
#define HAVE_YYLEX_DESTROY 1

configure: exit 0

## ---------------------- ##
## Running config.status. ##
## ---------------------- ##

This file was extended by config.status, which was
generated by GNU Autoconf 2.61.  Invocation command line was

  CONFIG_FILES    = 
  CONFIG_HEADERS  = 
  CONFIG_LINKS    = 
  CONFIG_COMMANDS = 
  $ ./config.status src/dynamic-examples/dynamic-preprocessor/Makefile

on mba-obana

config.status:1028: creating src/dynamic-examples/dynamic-preprocessor/Makefile
